#
# A fatal error has been detected by the Java Runtime Environment:
#
#  EXCEPTION_ACCESS_VIOLATION (0xc0000005) at pc=0x00007ff8bedb26c4, pid=39784, tid=39104
#
# JRE version: OpenJDK Runtime Environment (24.0.1+9) (build 24.0.1+9-30)
# Java VM: OpenJDK 64-Bit Server VM (24.0.1+9-30, mixed mode, emulated-client, sharing, tiered, compressed oops, compressed class ptrs, g1 gc, windows-amd64)
# Problematic frame:
# C  [libasyncProfiler.dll+0x926c4]
#
# No core dump will be written. Minidumps are not enabled by default on client versions of Windows
#
# If you would like to submit a bug report, please visit:
#   https://bugreport.java.com/bugreport/crash.jsp
# The crash happened outside the Java Virtual Machine in native code.
# See problematic frame for where to report the bug.
#

---------------  S U M M A R Y ------------

Command Line: -agentlib:jdwp=transport=dt_socket,address=127.0.0.1:65424,suspend=y,server=n -javaagent:C:\Users\durra\AppData\Local\JetBrains\IntelliJIdea2025.1\captureAgent\debugger-agent.jar=file:///C:/Users/durra/AppData/Local/Temp/capture5517514291684952316.props -agentpath:C:\Users\durra\AppData\Local\Temp\idea_libasyncProfiler_dll_temp_folder1\libasyncProfiler.dll=version,jfr,event=wall,interval=10ms,cstack=no,file=C:\Users\durra\IdeaSnapshots\BankApplication_2025_07_24_161719.jfr,dbghelppath=C:\Users\durra\AppData\Local\Temp\idea_dbghelp_dll_temp_folder1\dbghelp.dll,log=C:\Users\durra\AppData\Local\Temp\BankApplication_2025_07_24_161719.jfr.log.txt,logLevel=DEBUG -XX:TieredStopAtLevel=1 -Dspring.output.ansi.enabled=always -Dcom.sun.management.jmxremote -Dspring.jmx.enabled=true -Dspring.liveBeansView.mbeanDomain -Dspring.application.admin.enabled=true -Dmanagement.endpoints.jmx.exposure.include=* -Dkotlinx.coroutines.debug.enable.creation.stack.trace=false -Ddebugger.agent.enable.coroutines=true -Dkotlinx.coroutines.debug.enable.flows.stack.trace=true -Dkotlinx.coroutines.debug.enable.mutable.state.flows.stack.trace=true -Dfile.encoding=UTF-8 -Dsun.stdout.encoding=UTF-8 -Dsun.stderr.encoding=UTF-8 com.springboot.BankApplication.BankApplication

Host: Intel(R) Core(TM) i3-7020U CPU @ 2.30GHz, 4 cores, 3G,  Windows 10 , 64 bit Build 19041 (10.0.19041.5915)
Time: Thu Jul 24 16:38:57 2025 India Standard Time elapsed time: 1290.969019 seconds (0d 0h 21m 30s)

---------------  T H R E A D  ---------------

Current thread (0x0000029bbffd0870):  JavaThread "Attach Listener" daemon [_thread_in_native, id=39104, stack(0x000000bfed500000,0x000000bfed600000) (1024K)]

Stack: [0x000000bfed500000,0x000000bfed600000],  sp=0x000000bfed5feba0,  free space=1018k
Native frames: (J=compiled Java code, j=interpreted, Vv=VM code, C=native code)
C  [libasyncProfiler.dll+0x926c4]  (no source info available)
C  [libasyncProfiler.dll+0x92b9b]  (no source info available)
C  [libasyncProfiler.dll+0x917f4]  (no source info available)
C  [libasyncProfiler.dll+0x9206a]  (no source info available)
C  [libasyncProfiler.dll+0x8cc21]  (no source info available)
C  [libasyncProfiler.dll+0x7e5e1]  (no source info available)
C  [libasyncProfiler.dll+0x7d2f8]  (no source info available)
C  [libasyncProfiler.dll+0x7d1e0]  (no source info available)
C  [libasyncProfiler.dll+0x841b9]  (no source info available)
V  [jvm.dll+0x57eff7]  (no source info available)
V  [jvm.dll+0x57fdac]  (no source info available)
V  [jvm.dll+0x14ca17]  (no source info available)
V  [jvm.dll+0x14dfe1]  (no source info available)
V  [jvm.dll+0x42f456]  (no source info available)
V  [jvm.dll+0x87d76b]  (no source info available)
V  [jvm.dll+0x72ee55]  (no source info available)
C  [ucrtbase.dll+0x21bb2]  (no source info available)
C  [KERNEL32.DLL+0x17374]  (no source info available)
C  [ntdll.dll+0x4cc91]  (no source info available)


siginfo: EXCEPTION_ACCESS_VIOLATION (0xc0000005), reading address 0xffffffffffffffff


Registers:
RAX=0x0000000000000010, RBX=0x0000000000000000, RCX=0xffffffffffffffff, RDX=0x007ff86d40300010
RSP=0x000000bfed5feba0, RBP=0x0000029c111f2da8, RSI=0x000000bfed5fed10, RDI=0x0000029c111f2da8
R8 =0x0000000000000042, R9 =0x00000000c2320000, R10=0x00007ff86d679fb0, R11=0x000000000000145e
R12=0x000000bfed5fed10, R13=0x0000029bbe17b400, R14=0x0000029bbffd0c38, R15=0x0000029bbffd0c38
RIP=0x00007ff8bedb26c4, EFLAGS=0x0000000000010202

XMM[0]=0x0000000000000000 0x0000000000000000
XMM[1]=0x0000000000000000 0x0000000000000000
XMM[2]=0x0000000000000000 0x0000000000000000
XMM[3]=0x0000000000000000 0x0000000000000000
XMM[4]=0x0000000000000000 0x0000000000000000
XMM[5]=0x0000000000000000 0x0000000000000000
XMM[6]=0x0000000000000000 0x0000000000000000
XMM[7]=0x0000000000000000 0x0000000000000000
XMM[8]=0x0000000000000000 0x0000000000000000
XMM[9]=0x0000000000000000 0x0000000000000000
XMM[10]=0x0000000000000000 0x0000000000000000
XMM[11]=0x0000000000000000 0x0000000000000000
XMM[12]=0x0000000000000000 0x0000000000000000
XMM[13]=0x0000000000000000 0x0000000000000000
XMM[14]=0x0000000000000000 0x0000000000000000
XMM[15]=0x0000000000000000 0x0000000000000000
  MXCSR=0x00001fa0


Register to memory mapping:

RAX=0x0000000000000010 is an unknown value
RBX=0x0 is null
RCX=0xffffffffffffffff is an unknown value
RDX=0x007ff86d40300010 is an unknown value
RSP=0x000000bfed5feba0 is pointing into the stack for thread: 0x0000029bbffd0870
RBP=0x0000029c111f2da8 points into unknown readable memory: 0x00000000c2320000 | 00 00 32 c2 00 00 00 00
RSI=0x000000bfed5fed10 is pointing into the stack for thread: 0x0000029bbffd0870
RDI=0x0000029c111f2da8 points into unknown readable memory: 0x00000000c2320000 | 00 00 32 c2 00 00 00 00
R8 =0x0000000000000042 is an unknown value
R9 =0x00000000c2320000 is an oop: java.lang.ref.Reference$ReferenceHandler 
{0x00000000c2320000} - klass: 'java/lang/ref/Reference$ReferenceHandler' - flags: 

 - ---- fields (total size 14 words):
 - 'threadLocalRandomProbe' 'I' @12  0 (0x00000000)
 - private volatile 'eetop' 'J' @16  2867964172272 (0x0000029bbffc57f0)
 - private final 'tid' 'J' @24  13 (0x000000000000000d)
 - 'threadLocalRandomSeed' 'J' @32  0 (0x0000000000000000)
 - injected 'jvmti_thread_state' 'J' @40  2869324817248 (0x0000029c11162360)
 - 'threadLocalRandomSecondarySeed' 'I' @48  0 (0x00000000)
 - injected 'jvmti_VTMS_transition_disable_count' 'I' @52  0 (0x00000000)
 - injected 'jfr_epoch' 'S' @56  0 (0x0000)
 - volatile 'interrupted' 'Z' @58  false (0x00)
 - injected 'jvmti_is_in_VTMS_transition' 'Z' @59  false (0x00)
 - private volatile 'name' 'Ljava/lang/String;' @60  "Reference Handler"{0x00000000ffe0a468} (0xffe0a468)
 - private volatile 'contextClassLoader' 'Ljava/lang/ClassLoader;' @64  null (0x00000000)
 - private final 'holder' 'Ljava/lang/Thread$FieldHolder;' @68  a 'java/lang/Thread$FieldHolder'{0x00000000c2294300} (0xc2294300)
 - 'threadLocals' 'Ljava/lang/ThreadLocal$ThreadLocalMap;' @72  null (0x00000000)
 - 'inheritableThreadLocals' 'Ljava/lang/ThreadLocal$ThreadLocalMap;' @76  null (0x00000000)
 - private 'scopedValueBindings' 'Ljava/lang/Object;' @80  a 'java/lang/Class'{0x00000000ffe7c258} = 'java/lang/Thread' (0xffe7c258)
 - final 'interruptLock' 'Ljava/lang/Object;' @84  a 'java/lang/Object'{0x00000000c2294328} (0xc2294328)
 - private volatile 'parkBlocker' 'Ljava/lang/Object;' @88  null (0x00000000)
 - private 'nioBlocker' 'Lsun/nio/ch/Interruptible;' @92  null (0x00000000)
 - private 'cont' 'Ljdk/internal/vm/Continuation;' @96  null (0x00000000)
 - private volatile 'uncaughtExceptionHandler' 'Ljava/lang/Thread$UncaughtExceptionHandler;' @100  null (0x00000000)
 - private 'container' 'Ljdk/internal/vm/ThreadContainer;' @104  null (0x00000000)
 - private volatile 'headStackableScopes' 'Ljdk/internal/vm/StackableScope;' @108  null (0x00000000)
R10=0x00007ff86d679fb0 jvm.dll
R11=0x000000000000145e is an unknown value
R12=0x000000bfed5fed10 is pointing into the stack for thread: 0x0000029bbffd0870
R13=0x0000029bbe17b400 points into unknown readable memory: 0x00007ff86d5ea510 | 10 a5 5e 6d f8 7f 00 00
R14=0x0000029bbffd0c38 points into unknown readable memory: 0x00007ff86d5e17b0 | b0 17 5e 6d f8 7f 00 00
R15=0x0000029bbffd0c38 points into unknown readable memory: 0x00007ff86d5e17b0 | b0 17 5e 6d f8 7f 00 00

Top of Stack: (sp=0x000000bfed5feba0)
0x000000bfed5feba0:   000000bfed5fed10 0000029c111f2da8   .._......-......
0x000000bfed5febb0:   0000000000000000 0000029bbffd1fd0   ................
0x000000bfed5febc0:   000000000000002e 00007ff8bedb2b9b   .........+......
0x000000bfed5febd0:   0000000000000000 0000029bbffd0c38   ........8.......
0x000000bfed5febe0:   000000bfed5fed01 0000000000000000   .._.............
0x000000bfed5febf0:   0000029c205e7b90 00007ff8bedb17f4   .{^ ............
0x000000bfed5fec00:   0000000000000000 000000000000002e   ................
0x000000bfed5fec10:   0000000000000000 000000000000002e   ................
0x000000bfed5fec20:   0000002000000000 0000029c205e6650   .... ...Pf^ ....
0x000000bfed5fec30:   0000029c205e7b90 0000029c205e7c48   .{^ ....H|^ ....
0x000000bfed5fec40:   0000029c205e7c8c 000000bf00003a6c   .|^ ....l:......
0x000000bfed5fec50:   0000000000000000 0000000000000000   ................
0x000000bfed5fec60:   0000000000000000 00007ff86ce457d4   .........W.l....
0x000000bfed5fec70:   00007ff8beef4ca0 0000000000009b68   .L......h.......
0x000000bfed5fec80:   00007ff8beef4ca0 00000000ffffffff   .L..............
0x000000bfed5fec90:   0000000000000000 00007ff8bedb206a   ........j ......
0x000000bfed5feca0:   0000029bbffd0c38 0000000000000000   8...............
0x000000bfed5fecb0:   000000bfed5fed19 0000029bbe17b400   .._.............
0x000000bfed5fecc0:   0000029c1bca7ad0 00007ff800000017   .z..............
0x000000bfed5fecd0:   0000029bbdff0000 0000029c2039e670   ........p.9 ....
0x000000bfed5fece0:   0000029bbffd0c38 00007ff8beef4ca0   8........L......
0x000000bfed5fecf0:   0000000000100000 0000000000001000   ................
0x000000bfed5fed00:   000000bfed5feea8 0000029bbffd0c38   .._.....8.......
0x000000bfed5fed10:   0000029c2014e750 0000029c2014ed10   P.. ....... ....
0x000000bfed5fed20:   0000029c2014ed10 00007ff8beef4ca0   ... .....L......
0x000000bfed5fed30:   000000bfed5feea8 0000029bbe080000   .._.............
0x000000bfed5fed40:   000000bfed5fefe0 0000000000008840   .._.....@.......
0x000000bfed5fed50:   000000bfed5ff1c0 00007ff8beef4cf0   .._......L......
0x000000bfed5fed60:   0000000000989680 0000000000989680   ................
0x000000bfed5fed70:   000000bfed5fee80 00007ff8bedacc21   .._.....!.......
0x000000bfed5fed80:   00007ff8beef4ca0 00007ff8beef4cf8   .L.......L......
0x000000bfed5fed90:   00007ff800000000 00007ff800000001   ................

Instructions: (pc=0x00007ff8bedb26c4)
  0x00007ff8bedb25c4:   cc cc cc cc cc cc cc cc cc cc cc cc cc cc cc cc
  0x00007ff8bedb25d4:   cc cc cc cc cc cc cc cc cc cc cc cc cc cc cc cc
  0x00007ff8bedb25e4:   cc cc cc cc cc cc cc cc cc cc cc cc cc cc cc cc
  0x00007ff8bedb25f4:   cc cc cc cc cc cc cc cc cc cc cc cc cc cc cc cc
  0x00007ff8bedb2604:   cc cc cc cc cc cc cc cc cc cc cc cc cc cc cc cc
  0x00007ff8bedb2614:   cc cc cc cc cc cc cc cc cc cc cc cc cc cc cc cc
  0x00007ff8bedb2624:   cc cc cc cc cc cc cc cc cc cc cc cc cc cc cc cc
  0x00007ff8bedb2634:   cc cc cc cc cc cc cc cc cc cc cc cc cc cc cc cc
  0x00007ff8bedb2644:   cc cc cc cc cc cc cc cc cc cc cc cc 40 57 48 83
  0x00007ff8bedb2654:   ec 20 48 8b f9 48 8b 0d 10 28 14 00 48 85 c9 74
  0x00007ff8bedb2664:   20 48 8b 01 48 8d 54 24 38 41 b8 06 00 01 00 4c
  0x00007ff8bedb2674:   8b 48 30 41 ff d1 85 c0 75 07 48 8b 4c 24 38 eb
  0x00007ff8bedb2684:   02 33 c9 4c 8b 05 ea 28 14 00 48 89 5c 24 30 4d
  0x00007ff8bedb2694:   85 c0 74 4a 48 8b 01 48 8b d7 4c 8b 88 28 03 00
  0x00007ff8bedb26a4:   00 41 ff d1 48 85 c0 74 35 48 63 0d f8 e6 13 00
  0x00007ff8bedb26b4:   48 8b 14 01 48 85 d2 74 15 48 63 05 fc e6 13 00
=>0x00007ff8bedb26c4:   8b 04 10 48 8b 5c 24 30 48 83 c4 20 5f c3 b8 ff
  0x00007ff8bedb26d4:   ff ff ff 48 8b 5c 24 30 48 83 c4 20 5f c3 80 3d
  0x00007ff8bedb26e4:   9b 27 14 00 00 bb ff ff ff ff 74 20 4c 8b 0d 31
  0x00007ff8bedb26f4:   24 14 00 4c 8d 44 24 38 48 8b 0d 15 24 14 00 48
  0x00007ff8bedb2704:   8b d7 41 ff d1 85 c0 0f 44 5c 24 38 8b c3 48 8b
  0x00007ff8bedb2714:   5c 24 30 48 83 c4 20 5f c3 cc cc cc cc cc cc cc
  0x00007ff8bedb2724:   cc cc cc cc cc cc cc cc cc cc cc cc cc cc cc cc
  0x00007ff8bedb2734:   cc cc cc cc cc cc cc cc cc cc cc cc cc cc cc cc
  0x00007ff8bedb2744:   cc cc cc cc cc cc cc cc cc cc cc cc 48 89 54 24
  0x00007ff8bedb2754:   10 53 55 56 57 41 56 41 57 48 83 ec 28 48 8b f2
  0x00007ff8bedb2764:   4c 8b f1 48 89 4c 24 78 45 33 ff 44 89 7c 24 68
  0x00007ff8bedb2774:   c7 44 24 60 01 00 00 00 48 8d 4c 24 68 e8 ed 42
  0x00007ff8bedb2784:   f7 ff 8b d8 48 8d 4c 24 60 e8 e1 42 f7 ff 8b e8
  0x00007ff8bedb2794:   49 8b ce e8 00 fc f6 ff 48 8b f8 90 8b c3 f0 0f
  0x00007ff8bedb27a4:   b1 2f 74 04 f3 90 eb f4 4c 89 3e 4c 89 7e 08 4c
  0x00007ff8bedb27b4:   89 7e 10 49 8b 6e 08 4d 8b 76 10 49 3b ee 0f 84


Stack slot to memory mapping:

stack at sp + 0 slots: 0x000000bfed5fed10 is pointing into the stack for thread: 0x0000029bbffd0870
stack at sp + 1 slots: 0x0000029c111f2da8 points into unknown readable memory: 0x00000000c2320000 | 00 00 32 c2 00 00 00 00
stack at sp + 2 slots: 0x0 is null
stack at sp + 3 slots: 0x0000029bbffd1fd0 points into unknown readable memory: 0x6e616c2e6176616a | 6a 61 76 61 2e 6c 61 6e
stack at sp + 4 slots: 0x000000000000002e is an unknown value
stack at sp + 5 slots: 0x00007ff8bedb2b9b libasyncProfiler.dll
stack at sp + 6 slots: 0x0 is null
stack at sp + 7 slots: 0x0000029bbffd0c38 points into unknown readable memory: 0x00007ff86d5e17b0 | b0 17 5e 6d f8 7f 00 00

Lock stack of current Java thread (top to bottom):


---------------  P R O C E S S  ---------------

Threads class SMR info:
_java_thread_list=0x0000029c2021ae50, length=35, elements={
0x0000029bbffc57f0, 0x0000029bbffc6b80, 0x0000029bbffcfd40, 0x0000029bbffd0870,
0x0000029bbffd25d0, 0x0000029bbffd9000, 0x0000029bbffe56a0, 0x0000029c111aa540,
0x0000029c111ecf30, 0x0000029c111ed680, 0x0000029c1122aab0, 0x0000029c11b0f6a0,
0x0000029c11a0a940, 0x0000029c1668d3a0, 0x0000029c18685ea0, 0x0000029c18686d40,
0x0000029c181cc9c0, 0x0000029c181cfcf0, 0x0000029c17efbf40, 0x0000029c1b2cb7a0,
0x0000029c1bd15400, 0x0000029c1bd17140, 0x0000029c1bd12820, 0x0000029c1bd10ae0,
0x0000029c1bd11230, 0x0000029c1bd195d0, 0x0000029c1bd17fe0, 0x0000029c1bd1c1b0,
0x0000029c1bd1abc0, 0x0000029c1bd1c900, 0x0000029c1bd1b310, 0x0000029c1bd18730,
0x0000029c1bd1d050, 0x0000029c1bd1ba60, 0x0000029c1bd1d7a0
}

Java Threads: ( => current thread )
  0x0000029bbffc57f0 JavaThread "Reference Handler"          daemon [_thread_blocked, id=33528, stack(0x000000bfed200000,0x000000bfed300000) (1024K)]
  0x0000029bbffc6b80 JavaThread "Finalizer"                  daemon [_thread_blocked, id=36408, stack(0x000000bfed300000,0x000000bfed400000) (1024K)]
  0x0000029bbffcfd40 JavaThread "Signal Dispatcher"          daemon [_thread_blocked, id=25976, stack(0x000000bfed400000,0x000000bfed500000) (1024K)]
=>0x0000029bbffd0870 JavaThread "Attach Listener"            daemon [_thread_in_native, id=39104, stack(0x000000bfed500000,0x000000bfed600000) (1024K)]
  0x0000029bbffd25d0 JavaThread "Service Thread"             daemon [_thread_blocked, id=13672, stack(0x000000bfed600000,0x000000bfed700000) (1024K)]
  0x0000029bbffd9000 JavaThread "Monitor Deflation Thread"   daemon [_thread_blocked, id=40744, stack(0x000000bfed700000,0x000000bfed800000) (1024K)]
  0x0000029bbffe56a0 JavaThread "C1 CompilerThread0"         daemon [_thread_blocked, id=33652, stack(0x000000bfed800000,0x000000bfed900000) (1024K)]
  0x0000029c111aa540 JavaThread "JDWP Transport Listener: dt_socket" daemon [_thread_blocked, id=23680, stack(0x000000bfed900000,0x000000bfeda00000) (1024K)]
  0x0000029c111ecf30 JavaThread "JDWP Event Helper Thread"   daemon [_thread_blocked, id=36580, stack(0x000000bfeda00000,0x000000bfedb00000) (1024K)]
  0x0000029c111ed680 JavaThread "JDWP Command Reader"        daemon [_thread_in_native, id=23708, stack(0x000000bfedb00000,0x000000bfedc00000) (1024K)]
  0x0000029c1122aab0 JavaThread "Common-Cleaner"             daemon [_thread_blocked, id=34840, stack(0x000000bfedc00000,0x000000bfedd00000) (1024K)]
  0x0000029c11b0f6a0 JavaThread "IntelliJ Suspend Helper"    daemon [_thread_blocked, id=34408, stack(0x000000bfedd00000,0x000000bfede00000) (1024K)]
  0x0000029c11a0a940 JavaThread "Notification Thread"        daemon [_thread_blocked, id=31544, stack(0x000000bfede00000,0x000000bfedf00000) (1024K)]
  0x0000029c1668d3a0 JavaThread "RMI TCP Accept-0"           daemon [_thread_in_native, id=40748, stack(0x000000bfedf00000,0x000000bfee000000) (1024K)]
  0x0000029c18685ea0 JavaThread "Catalina-utility-1"                [_thread_blocked, id=13784, stack(0x000000bfee500000,0x000000bfee600000) (1024K)]
  0x0000029c18686d40 JavaThread "Catalina-utility-2"                [_thread_blocked, id=33796, stack(0x000000bfee600000,0x000000bfee700000) (1024K)]
  0x0000029c181cc9c0 JavaThread "container-0"                       [_thread_blocked, id=13668, stack(0x000000bfee700000,0x000000bfee800000) (1024K)]
  0x0000029c181cfcf0 JavaThread "mysql-cj-abandoned-connection-cleanup" daemon [_thread_blocked, id=7332, stack(0x000000bfee800000,0x000000bfee900000) (1024K)]
  0x0000029c17efbf40 JavaThread "HikariPool-1 housekeeper"   daemon [_thread_blocked, id=38560, stack(0x000000bfeea00000,0x000000bfeeb00000) (1024K)]
  0x0000029c1b2cb7a0 JavaThread "lettuce-timer-3-1"          daemon [_thread_blocked, id=29936, stack(0x000000bfeed00000,0x000000bfeee00000) (1024K)]
  0x0000029c1bd15400 JavaThread "File Watcher"               daemon [_thread_blocked, id=25052, stack(0x000000bfeee00000,0x000000bfeef00000) (1024K)]
  0x0000029c1bd17140 JavaThread "Live Reload Server"         daemon [_thread_in_native, id=29540, stack(0x000000bfef000000,0x000000bfef100000) (1024K)]
  0x0000029c1bd12820 JavaThread "http-nio-8080-exec-1"       daemon [_thread_blocked, id=18648, stack(0x000000bfeef00000,0x000000bfef000000) (1024K)]
  0x0000029c1bd10ae0 JavaThread "http-nio-8080-exec-2"       daemon [_thread_blocked, id=28452, stack(0x000000bfef100000,0x000000bfef200000) (1024K)]
  0x0000029c1bd11230 JavaThread "http-nio-8080-exec-3"       daemon [_thread_blocked, id=38108, stack(0x000000bfef200000,0x000000bfef300000) (1024K)]
  0x0000029c1bd195d0 JavaThread "http-nio-8080-exec-4"       daemon [_thread_blocked, id=284, stack(0x000000bfef300000,0x000000bfef400000) (1024K)]
  0x0000029c1bd17fe0 JavaThread "http-nio-8080-exec-5"       daemon [_thread_blocked, id=30416, stack(0x000000bfef400000,0x000000bfef500000) (1024K)]
  0x0000029c1bd1c1b0 JavaThread "http-nio-8080-exec-6"       daemon [_thread_blocked, id=6768, stack(0x000000bfef500000,0x000000bfef600000) (1024K)]
  0x0000029c1bd1abc0 JavaThread "http-nio-8080-exec-7"       daemon [_thread_blocked, id=30832, stack(0x000000bfef600000,0x000000bfef700000) (1024K)]
  0x0000029c1bd1c900 JavaThread "http-nio-8080-exec-8"       daemon [_thread_blocked, id=27896, stack(0x000000bfef700000,0x000000bfef800000) (1024K)]
  0x0000029c1bd1b310 JavaThread "http-nio-8080-exec-9"       daemon [_thread_blocked, id=40268, stack(0x000000bfef800000,0x000000bfef900000) (1024K)]
  0x0000029c1bd18730 JavaThread "http-nio-8080-exec-10"      daemon [_thread_blocked, id=27332, stack(0x000000bfef900000,0x000000bfefa00000) (1024K)]
  0x0000029c1bd1d050 JavaThread "http-nio-8080-Poller"       daemon [_thread_in_native, id=12072, stack(0x000000bfefa00000,0x000000bfefb00000) (1024K)]
  0x0000029c1bd1ba60 JavaThread "http-nio-8080-Acceptor"     daemon [_thread_in_native, id=14956, stack(0x000000bfefb00000,0x000000bfefc00000) (1024K)]
  0x0000029c1bd1d7a0 JavaThread "DestroyJavaVM"                     [_thread_blocked, id=39332, stack(0x000000bfeca00000,0x000000bfecb00000) (1024K)]
Total: 35

Other Threads:
  0x0000029bbffb2830 VMThread "VM Thread"                           [id=39076, stack(0x000000bfed100000,0x000000bfed200000) (1024K)]
  0x0000029c110809d0 WatcherThread "VM Periodic Task Thread"        [id=10188, stack(0x000000bfed000000,0x000000bfed100000) (1024K)]
  0x0000029bbfe93d80 WorkerThread "GC Thread#0"                     [id=12160, stack(0x000000bfecb00000,0x000000bfecc00000) (1024K)]
  0x0000029c16829340 WorkerThread "GC Thread#1"                     [id=8288, stack(0x000000bfee000000,0x000000bfee100000) (1024K)]
  0x0000029c1682b010 WorkerThread "GC Thread#2"                     [id=33768, stack(0x000000bfee100000,0x000000bfee200000) (1024K)]
  0x0000029c167b9b50 WorkerThread "GC Thread#3"                     [id=12452, stack(0x000000bfee200000,0x000000bfee300000) (1024K)]
  0x0000029bbfe9f740 ConcurrentGCThread "G1 Main Marker"            [id=40312, stack(0x000000bfecc00000,0x000000bfecd00000) (1024K)]
  0x0000029bbfea0160 WorkerThread "G1 Conc#0"                       [id=11076, stack(0x000000bfecd00000,0x000000bfece00000) (1024K)]
  0x0000029bbfef8cc0 ConcurrentGCThread "G1 Refine#0"               [id=27168, stack(0x000000bfece00000,0x000000bfecf00000) (1024K)]
  0x0000029bbfef9750 ConcurrentGCThread "G1 Service"                [id=25280, stack(0x000000bfecf00000,0x000000bfed000000) (1024K)]
Total: 10

Threads with active compile tasks:
Total: 0

VM state: not at safepoint (normal execution)

VM Mutex/Monitor currently owned by a thread: None

Heap address: 0x00000000c1e00000, size: 994 MB, Compressed Oops mode: 32-bit

CDS archive(s) mapped at: [0x0000029bd0000000-0x0000029bd0d40000-0x0000029bd0d40000), size 13893632, SharedBaseAddress: 0x0000029bd0000000, ArchiveRelocationMode: 1.
Compressed class space mapped at: 0x0000029bd1000000-0x0000029c11000000, reserved size: 1073741824
UseCompressedClassPointers 1, UseCompactObjectHeaders 0
Narrow klass pointer bits 32, Max shift 3
Narrow klass base: 0x0000029bd0000000, Narrow klass shift: 0
Encoding Range: [0x0000029bd0000000 - 0x0000029cd0000000), (4294967296 bytes)
Klass Range:    [0x0000029bd0000000 - 0x0000029c11000000), (1090519040 bytes)
Klass ID Range:  [8 - 1090519033) (1090519025)

GC Precious Log:
 CardTable entry size: 512
 Card Set container configuration: InlinePtr #cards 5 size 8 Array Of Cards #cards 10 size 36 Howl #buckets 4 coarsen threshold 1843 Howl Bitmap #cards 512 size 80 coarsen threshold 460 Card regions per heap region 1 cards per card region 2048
 CPUs: 4 total, 4 available
 Memory: 3974M
 Large Page Support: Disabled
 NUMA Support: Disabled
 Compressed Oops: Enabled (32-bit)
 Heap Region Size: 1M
 Heap Min Capacity: 8M
 Heap Initial Capacity: 64M
 Heap Max Capacity: 994M
 Pre-touch: Disabled
 Parallel Workers: 4
 Concurrent Workers: 1
 Concurrent Refinement Workers: 4
 Periodic GC: Disabled

Heap:
 garbage-first heap   total reserved 1017856K, committed 68608K, used 57230K [0x00000000c1e00000, 0x0000000100000000)
  region size 1024K, 20 young (20480K), 3 survivors (3072K)
 Metaspace       used 84561K, committed 85248K, reserved 1179648K
  class space    used 9443K, committed 9728K, reserved 1048576K

Heap Regions: E=young(eden), S=young(survivor), O=old, HS=humongous(starts), HC=humongous(continues), CS=collection set, F=free, TAMS=top-at-mark-start, PB=parsable bottom
|   0|0x00000000c1e00000, 0x00000000c1f00000, 0x00000000c1f00000|100%|HS|  |TAMS 0x00000000c1e00000| PB 0x00000000c1e00000| Complete |  0
|   1|0x00000000c1f00000, 0x00000000c2000000, 0x00000000c2000000|100%|HS|  |TAMS 0x00000000c1f00000| PB 0x00000000c1f00000| Complete |  0
|   2|0x00000000c2000000, 0x00000000c2100000, 0x00000000c2100000|100%| O|  |TAMS 0x00000000c2000000| PB 0x00000000c2000000| Untracked |  0
|   3|0x00000000c2100000, 0x00000000c2200000, 0x00000000c2200000|100%| O|  |TAMS 0x00000000c2100000| PB 0x00000000c2100000| Untracked |  0
|   4|0x00000000c2200000, 0x00000000c2300000, 0x00000000c2300000|100%| O|  |TAMS 0x00000000c2200000| PB 0x00000000c2200000| Untracked |  0
|   5|0x00000000c2300000, 0x00000000c2400000, 0x00000000c2400000|100%| O|  |TAMS 0x00000000c2300000| PB 0x00000000c2300000| Untracked |  0
|   6|0x00000000c2400000, 0x00000000c2500000, 0x00000000c2500000|100%| O|  |TAMS 0x00000000c2400000| PB 0x00000000c2400000| Untracked |  0
|   7|0x00000000c2500000, 0x00000000c2600000, 0x00000000c2600000|100%| O|  |TAMS 0x00000000c2500000| PB 0x00000000c2500000| Untracked |  0
|   8|0x00000000c2600000, 0x00000000c2700000, 0x00000000c2700000|100%| O|  |TAMS 0x00000000c2600000| PB 0x00000000c2600000| Untracked |  0
|   9|0x00000000c2700000, 0x00000000c2800000, 0x00000000c2800000|100%| O|  |TAMS 0x00000000c2700000| PB 0x00000000c2700000| Untracked |  0
|  10|0x00000000c2800000, 0x00000000c2900000, 0x00000000c2900000|100%| O|  |TAMS 0x00000000c2800000| PB 0x00000000c2800000| Untracked |  0
|  11|0x00000000c2900000, 0x00000000c2a00000, 0x00000000c2a00000|100%| O|  |TAMS 0x00000000c2900000| PB 0x00000000c2900000| Untracked |  0
|  12|0x00000000c2a00000, 0x00000000c2b00000, 0x00000000c2b00000|100%| O|  |TAMS 0x00000000c2a00000| PB 0x00000000c2a00000| Untracked |  0
|  13|0x00000000c2b00000, 0x00000000c2c00000, 0x00000000c2c00000|100%| O|  |TAMS 0x00000000c2b00000| PB 0x00000000c2b00000| Untracked |  0
|  14|0x00000000c2c00000, 0x00000000c2d00000, 0x00000000c2d00000|100%| O|  |TAMS 0x00000000c2c00000| PB 0x00000000c2c00000| Untracked |  0
|  15|0x00000000c2d00000, 0x00000000c2e00000, 0x00000000c2e00000|100%| O|  |TAMS 0x00000000c2d00000| PB 0x00000000c2d00000| Untracked |  0
|  16|0x00000000c2e00000, 0x00000000c2f00000, 0x00000000c2f00000|100%| O|  |TAMS 0x00000000c2e00000| PB 0x00000000c2e00000| Untracked |  0
|  17|0x00000000c2f00000, 0x00000000c3000000, 0x00000000c3000000|100%| O|  |TAMS 0x00000000c2f00000| PB 0x00000000c2f00000| Untracked |  0
|  18|0x00000000c3000000, 0x00000000c3100000, 0x00000000c3100000|100%| O|  |TAMS 0x00000000c3000000| PB 0x00000000c3000000| Untracked |  0
|  19|0x00000000c3100000, 0x00000000c3200000, 0x00000000c3200000|100%| O|  |TAMS 0x00000000c3100000| PB 0x00000000c3100000| Untracked |  0
|  20|0x00000000c3200000, 0x00000000c3300000, 0x00000000c3300000|100%| O|  |TAMS 0x00000000c3200000| PB 0x00000000c3200000| Untracked |  0
|  21|0x00000000c3300000, 0x00000000c3400000, 0x00000000c3400000|100%| O|  |TAMS 0x00000000c3300000| PB 0x00000000c3300000| Untracked |  0
|  22|0x00000000c3400000, 0x00000000c3500000, 0x00000000c3500000|100%| O|  |TAMS 0x00000000c3400000| PB 0x00000000c3400000| Untracked |  0
|  23|0x00000000c3500000, 0x00000000c3600000, 0x00000000c3600000|100%| O|  |TAMS 0x00000000c3500000| PB 0x00000000c3500000| Untracked |  0
|  24|0x00000000c3600000, 0x00000000c3700000, 0x00000000c3700000|100%| O|  |TAMS 0x00000000c3600000| PB 0x00000000c3600000| Untracked |  0
|  25|0x00000000c3700000, 0x00000000c3800000, 0x00000000c3800000|100%| O|  |TAMS 0x00000000c3700000| PB 0x00000000c3700000| Untracked |  0
|  26|0x00000000c3800000, 0x00000000c3800000, 0x00000000c3900000|  0%| F|  |TAMS 0x00000000c3800000| PB 0x00000000c3800000| Untracked |  0
|  27|0x00000000c3900000, 0x00000000c3a00000, 0x00000000c3a00000|100%| O|  |TAMS 0x00000000c3900000| PB 0x00000000c3900000| Untracked |  0
|  28|0x00000000c3a00000, 0x00000000c3b00000, 0x00000000c3b00000|100%| O|  |TAMS 0x00000000c3a00000| PB 0x00000000c3a00000| Untracked |  0
|  29|0x00000000c3b00000, 0x00000000c3b00000, 0x00000000c3c00000|  0%| F|  |TAMS 0x00000000c3b00000| PB 0x00000000c3b00000| Untracked |  0
|  30|0x00000000c3c00000, 0x00000000c3d00000, 0x00000000c3d00000|100%| O|  |TAMS 0x00000000c3c00000| PB 0x00000000c3c00000| Untracked |  0
|  31|0x00000000c3d00000, 0x00000000c3e00000, 0x00000000c3e00000|100%| O|  |TAMS 0x00000000c3d00000| PB 0x00000000c3d00000| Untracked |  0
|  32|0x00000000c3e00000, 0x00000000c3f00000, 0x00000000c3f00000|100%| O|  |TAMS 0x00000000c3e00000| PB 0x00000000c3e00000| Untracked |  0
|  33|0x00000000c3f00000, 0x00000000c4000000, 0x00000000c4000000|100%| O|  |TAMS 0x00000000c3f00000| PB 0x00000000c3f00000| Untracked |  0
|  34|0x00000000c4000000, 0x00000000c4100000, 0x00000000c4100000|100%| O|  |TAMS 0x00000000c4000000| PB 0x00000000c4000000| Untracked |  0
|  35|0x00000000c4100000, 0x00000000c4200000, 0x00000000c4200000|100%| O|  |TAMS 0x00000000c4100000| PB 0x00000000c4100000| Untracked |  0
|  36|0x00000000c4200000, 0x00000000c4300000, 0x00000000c4300000|100%| O|  |TAMS 0x00000000c4200000| PB 0x00000000c4200000| Untracked |  0
|  37|0x00000000c4300000, 0x00000000c4400000, 0x00000000c4400000|100%| O|  |TAMS 0x00000000c4300000| PB 0x00000000c4300000| Untracked |  0
|  38|0x00000000c4400000, 0x00000000c4500000, 0x00000000c4500000|100%| O|  |TAMS 0x00000000c4400000| PB 0x00000000c4400000| Untracked |  0
|  39|0x00000000c4500000, 0x00000000c45c7b80, 0x00000000c4600000| 78%| O|  |TAMS 0x00000000c4500000| PB 0x00000000c4500000| Untracked |  0
|  40|0x00000000c4600000, 0x00000000c4600000, 0x00000000c4700000|  0%| F|  |TAMS 0x00000000c4600000| PB 0x00000000c4600000| Untracked |  0
|  41|0x00000000c4700000, 0x00000000c471bf00, 0x00000000c4800000| 10%| S|CS|TAMS 0x00000000c4700000| PB 0x00000000c4700000| Complete |  0
|  42|0x00000000c4800000, 0x00000000c4900000, 0x00000000c4900000|100%| S|CS|TAMS 0x00000000c4800000| PB 0x00000000c4800000| Complete |  0
|  43|0x00000000c4900000, 0x00000000c4a00000, 0x00000000c4a00000|100%| S|CS|TAMS 0x00000000c4900000| PB 0x00000000c4900000| Complete |  0
|  44|0x00000000c4a00000, 0x00000000c4a00000, 0x00000000c4b00000|  0%| F|  |TAMS 0x00000000c4a00000| PB 0x00000000c4a00000| Untracked |  0
|  45|0x00000000c4b00000, 0x00000000c4b00000, 0x00000000c4c00000|  0%| F|  |TAMS 0x00000000c4b00000| PB 0x00000000c4b00000| Untracked |  0
|  46|0x00000000c4c00000, 0x00000000c4c00000, 0x00000000c4d00000|  0%| F|  |TAMS 0x00000000c4c00000| PB 0x00000000c4c00000| Untracked |  0
|  47|0x00000000c4d00000, 0x00000000c4d00000, 0x00000000c4e00000|  0%| F|  |TAMS 0x00000000c4d00000| PB 0x00000000c4d00000| Untracked |  0
|  48|0x00000000c4e00000, 0x00000000c4e00000, 0x00000000c4f00000|  0%| F|  |TAMS 0x00000000c4e00000| PB 0x00000000c4e00000| Untracked |  0
|  49|0x00000000c4f00000, 0x00000000c4f14590, 0x00000000c5000000|  7%| E|  |TAMS 0x00000000c4f00000| PB 0x00000000c4f00000| Complete |  0
|  50|0x00000000c5000000, 0x00000000c5100000, 0x00000000c5100000|100%| E|CS|TAMS 0x00000000c5000000| PB 0x00000000c5000000| Complete |  0
|  51|0x00000000c5100000, 0x00000000c5200000, 0x00000000c5200000|100%| E|CS|TAMS 0x00000000c5100000| PB 0x00000000c5100000| Complete |  0
|  52|0x00000000c5200000, 0x00000000c5300000, 0x00000000c5300000|100%| E|CS|TAMS 0x00000000c5200000| PB 0x00000000c5200000| Complete |  0
|  53|0x00000000c5300000, 0x00000000c5400000, 0x00000000c5400000|100%| E|CS|TAMS 0x00000000c5300000| PB 0x00000000c5300000| Complete |  0
|  54|0x00000000c5400000, 0x00000000c5500000, 0x00000000c5500000|100%| E|  |TAMS 0x00000000c5400000| PB 0x00000000c5400000| Complete |  0
|  55|0x00000000c5500000, 0x00000000c5600000, 0x00000000c5600000|100%| E|CS|TAMS 0x00000000c5500000| PB 0x00000000c5500000| Complete |  0
|  56|0x00000000c5600000, 0x00000000c5700000, 0x00000000c5700000|100%| E|CS|TAMS 0x00000000c5600000| PB 0x00000000c5600000| Complete |  0
|  57|0x00000000c5700000, 0x00000000c5800000, 0x00000000c5800000|100%| E|CS|TAMS 0x00000000c5700000| PB 0x00000000c5700000| Complete |  0
|  58|0x00000000c5800000, 0x00000000c5900000, 0x00000000c5900000|100%| E|CS|TAMS 0x00000000c5800000| PB 0x00000000c5800000| Complete |  0
|  59|0x00000000c5900000, 0x00000000c5a00000, 0x00000000c5a00000|100%| E|CS|TAMS 0x00000000c5900000| PB 0x00000000c5900000| Complete |  0
|  60|0x00000000c5a00000, 0x00000000c5b00000, 0x00000000c5b00000|100%| E|CS|TAMS 0x00000000c5a00000| PB 0x00000000c5a00000| Complete |  0
|  61|0x00000000c5b00000, 0x00000000c5c00000, 0x00000000c5c00000|100%| E|CS|TAMS 0x00000000c5b00000| PB 0x00000000c5b00000| Complete |  0
|  62|0x00000000c5c00000, 0x00000000c5d00000, 0x00000000c5d00000|100%| E|CS|TAMS 0x00000000c5c00000| PB 0x00000000c5c00000| Complete |  0
|  63|0x00000000c5d00000, 0x00000000c5e00000, 0x00000000c5e00000|100%| E|CS|TAMS 0x00000000c5d00000| PB 0x00000000c5d00000| Complete |  0
|  64|0x00000000c5e00000, 0x00000000c5f00000, 0x00000000c5f00000|100%| E|CS|TAMS 0x00000000c5e00000| PB 0x00000000c5e00000| Complete |  0
| 992|0x00000000ffe00000, 0x00000000fff00000, 0x00000000fff00000|100%| O|  |TAMS 0x00000000ffe00000| PB 0x00000000ffe00000| Untracked |  0
| 993|0x00000000fff00000, 0x0000000100000000, 0x0000000100000000|100%| E|CS|TAMS 0x00000000fff00000| PB 0x00000000fff00000| Complete |  0

Card table byte_map: [0x0000029bcc790000,0x0000029bcc990000] _byte_map_base: 0x0000029bcc181000

Marking Bits: (CMBitMap*) 0x0000029bbfe943a0
 Bits: [0x0000029bcc990000, 0x0000029bcd918000)

Polling page: 0x0000029bbe070000

Metaspace:

Usage:
  Non-class:     73.36 MB used.
      Class:      9.22 MB used.
       Both:     82.58 MB used.

Virtual space:
  Non-class space:      128.00 MB reserved,      73.75 MB ( 58%) committed,  2 nodes.
      Class space:        1.00 GB reserved,       9.50 MB ( <1%) committed,  1 nodes.
             Both:        1.12 GB reserved,      83.25 MB (  7%) committed. 

Chunk freelists:
   Non-Class:  6.08 MB
       Class:  6.51 MB
        Both:  12.59 MB

MaxMetaspaceSize: unlimited
CompressedClassSpaceSize: 1.00 GB
Initial GC threshold: 21.00 MB
Current GC threshold: 129.19 MB
CDS: on
 - commit_granule_bytes: 65536.
 - commit_granule_words: 8192.
 - virtual_space_node_default_size: 8388608.
 - enlarge_chunks_in_place: 1.
UseCompressedClassPointers 1, UseCompactObjectHeaders 0
Narrow klass pointer bits 32, Max shift 3
Narrow klass base: 0x0000029bd0000000, Narrow klass shift: 0
Encoding Range: [0x0000029bd0000000 - 0x0000029cd0000000), (4294967296 bytes)
Klass Range:    [0x0000029bd0000000 - 0x0000029c11000000), (1090519040 bytes)
Klass ID Range:  [8 - 1090519033) (1090519025)


Internal statistics:

num_allocs_failed_limit: 6.
num_arena_births: 1022.
num_arena_deaths: 54.
num_vsnodes_births: 3.
num_vsnodes_deaths: 0.
num_space_committed: 1332.
num_space_uncommitted: 0.
num_chunks_returned_to_freelist: 65.
num_chunks_taken_from_freelist: 3889.
num_chunk_merges: 12.
num_chunk_splits: 2841.
num_chunks_enlarged: 2327.
num_inconsistent_stats: 0.

CodeCache: size=49152Kb used=9858Kb max_used=9858Kb free=39293Kb
 bounds [0x0000029bc9370000, 0x0000029bc9d20000, 0x0000029bcc370000]
 total_blobs=7518, nmethods=6755, adapters=689, full_count=0
Compilation: enabled, stopped_count=0, restarted_count=0

Compilation events (20 events):
Event: 1206.610 Thread 0x0000029bbffe56a0 6893       1       java.time.format.DateTimeFormatterBuilder$CharLiteralPrinterParser::format (11 bytes)
Event: 1206.612 Thread 0x0000029bbffe56a0 nmethod 6893 0x0000029bc9d0bf88 code [0x0000029bc9d0c0a0, 0x0000029bc9d0c1b0]
Event: 1206.613 Thread 0x0000029bbffe56a0 6894       1       org.springframework.boot.ansi.AnsiStyle::toString (5 bytes)
Event: 1206.615 Thread 0x0000029bbffe56a0 nmethod 6894 0x0000029bc9d0c288 code [0x0000029bc9d0c380, 0x0000029bc9d0c448]
Event: 1206.616 Thread 0x0000029bbffe56a0 6895       1       ch.qos.logback.classic.spi.LoggingEvent::getLevel (5 bytes)
Event: 1206.625 Thread 0x0000029bbffe56a0 nmethod 6895 0x0000029bc9d0c588 code [0x0000029bc9d0c680, 0x0000029bc9d0c748]
Event: 1266.985 Thread 0x0000029bbffe56a0 6897       1       org.apache.tomcat.util.net.SocketWrapperBase::getSocket (5 bytes)
Event: 1267.001 Thread 0x0000029bbffe56a0 nmethod 6897 0x0000029bc9d0c888 code [0x0000029bc9d0c980, 0x0000029bc9d0ca48]
Event: 1290.236 Thread 0x0000029bbffe56a0 6898       1       org.apache.tomcat.util.buf.MessageBytes::getByteChunk (5 bytes)
Event: 1290.245 Thread 0x0000029bbffe56a0 nmethod 6898 0x0000029bc9d0cb88 code [0x0000029bc9d0cc80, 0x0000029bc9d0cd48]
Event: 1290.245 Thread 0x0000029bbffe56a0 6899       1       com.zaxxer.hikari.pool.PoolEntry::getState (8 bytes)
Event: 1290.289 Thread 0x0000029bbffe56a0 nmethod 6899 0x0000029bc9d0ce88 code [0x0000029bc9d0cfa0, 0x0000029bc9d0d0e0]
Event: 1290.362 Thread 0x0000029bbffe56a0 6900       1       org.apache.catalina.connector.Request::getAttribute (336 bytes)
Event: 1290.428 Thread 0x0000029bbffe56a0 nmethod 6900 0x0000029bc9d0d188 code [0x0000029bc9d0d480, 0x0000029bc9d0df38]
Event: 1290.429 Thread 0x0000029bbffe56a0 6902       1       org.apache.catalina.connector.RequestFacade::getAttribute (13 bytes)
Event: 1290.437 Thread 0x0000029bbffe56a0 nmethod 6902 0x0000029bc9d0e008 code [0x0000029bc9d0e140, 0x0000029bc9d0e320]
Event: 1290.437 Thread 0x0000029bbffe56a0 6901       1       org.springframework.http.HttpMethod::name (5 bytes)
Event: 1290.441 Thread 0x0000029bbffe56a0 nmethod 6901 0x0000029bc9d0e388 code [0x0000029bc9d0e480, 0x0000029bc9d0e548]
Event: 1290.540 Thread 0x0000029bbffe56a0 6903       1       org.springframework.core.annotation.AnnotatedMethod::getBridgedMethod (5 bytes)
Event: 1290.545 Thread 0x0000029bbffe56a0 nmethod 6903 0x0000029bc9d0e688 code [0x0000029bc9d0e780, 0x0000029bc9d0e848]

GC Heap History (20 events):
Event: 43.126 GC heap before
{Heap before GC invocations=21 (full 0):
 garbage-first heap   total reserved 1017856K, committed 55296K, used 47873K [0x00000000c1e00000, 0x0000000100000000)
  region size 1024K, 17 young (17408K), 2 survivors (2048K)
 Metaspace       used 67561K, committed 68096K, reserved 1114112K
  class space    used 7399K, committed 7616K, reserved 1048576K
}
Event: 43.157 GC heap after
{Heap after GC invocations=22 (full 0):
 garbage-first heap   total reserved 1017856K, committed 55296K, used 33575K [0x00000000c1e00000, 0x0000000100000000)
  region size 1024K, 3 young (3072K), 3 survivors (3072K)
 Metaspace       used 67561K, committed 68096K, reserved 1114112K
  class space    used 7399K, committed 7616K, reserved 1048576K
}
Event: 44.988 GC heap before
{Heap before GC invocations=22 (full 0):
 garbage-first heap   total reserved 1017856K, committed 55296K, used 46887K [0x00000000c1e00000, 0x0000000100000000)
  region size 1024K, 16 young (16384K), 3 survivors (3072K)
 Metaspace       used 68923K, committed 69504K, reserved 1114112K
  class space    used 7604K, committed 7808K, reserved 1048576K
}
Event: 45.005 GC heap after
{Heap after GC invocations=23 (full 0):
 garbage-first heap   total reserved 1017856K, committed 55296K, used 34491K [0x00000000c1e00000, 0x0000000100000000)
  region size 1024K, 1 young (1024K), 1 survivors (1024K)
 Metaspace       used 68923K, committed 69504K, reserved 1114112K
  class space    used 7604K, committed 7808K, reserved 1048576K
}
Event: 45.651 GC heap before
{Heap before GC invocations=24 (full 0):
 garbage-first heap   total reserved 1017856K, committed 58368K, used 49851K [0x00000000c1e00000, 0x0000000100000000)
  region size 1024K, 16 young (16384K), 1 survivors (1024K)
 Metaspace       used 69822K, committed 70400K, reserved 1114112K
  class space    used 7738K, committed 7936K, reserved 1048576K
}
Event: 45.656 GC heap after
{Heap after GC invocations=25 (full 0):
 garbage-first heap   total reserved 1017856K, committed 58368K, used 35437K [0x00000000c1e00000, 0x0000000100000000)
  region size 1024K, 2 young (2048K), 2 survivors (2048K)
 Metaspace       used 69822K, committed 70400K, reserved 1114112K
  class space    used 7738K, committed 7936K, reserved 1048576K
}
Event: 48.184 GC heap before
{Heap before GC invocations=25 (full 0):
 garbage-first heap   total reserved 1017856K, committed 58368K, used 51821K [0x00000000c1e00000, 0x0000000100000000)
  region size 1024K, 18 young (18432K), 2 survivors (2048K)
 Metaspace       used 71124K, committed 71808K, reserved 1114112K
  class space    used 7891K, committed 8192K, reserved 1048576K
}
Event: 48.201 GC heap after
{Heap after GC invocations=26 (full 0):
 garbage-first heap   total reserved 1017856K, committed 58368K, used 36133K [0x00000000c1e00000, 0x0000000100000000)
  region size 1024K, 3 young (3072K), 3 survivors (3072K)
 Metaspace       used 71124K, committed 71808K, reserved 1114112K
  class space    used 7891K, committed 8192K, reserved 1048576K
}
Event: 49.291 GC heap before
{Heap before GC invocations=26 (full 0):
 garbage-first heap   total reserved 1017856K, committed 58368K, used 50469K [0x00000000c1e00000, 0x0000000100000000)
  region size 1024K, 17 young (17408K), 3 survivors (3072K)
 Metaspace       used 72411K, committed 73152K, reserved 1114112K
  class space    used 8059K, committed 8384K, reserved 1048576K
}
Event: 49.302 GC heap after
{Heap after GC invocations=27 (full 0):
 garbage-first heap   total reserved 1017856K, committed 58368K, used 37137K [0x00000000c1e00000, 0x0000000100000000)
  region size 1024K, 3 young (3072K), 3 survivors (3072K)
 Metaspace       used 72411K, committed 73152K, reserved 1114112K
  class space    used 8059K, committed 8384K, reserved 1048576K
}
Event: 50.786 GC heap before
{Heap before GC invocations=28 (full 0):
 garbage-first heap   total reserved 1017856K, committed 65536K, used 49425K [0x00000000c1e00000, 0x0000000100000000)
  region size 1024K, 15 young (15360K), 3 survivors (3072K)
 Metaspace       used 75351K, committed 75968K, reserved 1179648K
  class space    used 8302K, committed 8576K, reserved 1048576K
}
Event: 50.793 GC heap after
{Heap after GC invocations=29 (full 0):
 garbage-first heap   total reserved 1017856K, committed 65536K, used 38270K [0x00000000c1e00000, 0x0000000100000000)
  region size 1024K, 2 young (2048K), 2 survivors (2048K)
 Metaspace       used 75351K, committed 75968K, reserved 1179648K
  class space    used 8302K, committed 8576K, reserved 1048576K
}
Event: 52.204 GC heap before
{Heap before GC invocations=29 (full 0):
 garbage-first heap   total reserved 1017856K, committed 65536K, used 57726K [0x00000000c1e00000, 0x0000000100000000)
  region size 1024K, 22 young (22528K), 2 survivors (2048K)
 Metaspace       used 77182K, committed 77888K, reserved 1179648K
  class space    used 8518K, committed 8832K, reserved 1048576K
}
Event: 52.219 GC heap after
{Heap after GC invocations=30 (full 0):
 garbage-first heap   total reserved 1017856K, committed 65536K, used 38844K [0x00000000c1e00000, 0x0000000100000000)
  region size 1024K, 3 young (3072K), 3 survivors (3072K)
 Metaspace       used 77182K, committed 77888K, reserved 1179648K
  class space    used 8518K, committed 8832K, reserved 1048576K
}
Event: 52.948 GC heap before
{Heap before GC invocations=30 (full 0):
 garbage-first heap   total reserved 1017856K, committed 65536K, used 57276K [0x00000000c1e00000, 0x0000000100000000)
  region size 1024K, 21 young (21504K), 3 survivors (3072K)
 Metaspace       used 78401K, committed 79040K, reserved 1179648K
  class space    used 8669K, committed 8960K, reserved 1048576K
}
Event: 52.956 GC heap after
{Heap after GC invocations=31 (full 0):
 garbage-first heap   total reserved 1017856K, committed 65536K, used 40471K [0x00000000c1e00000, 0x0000000100000000)
  region size 1024K, 3 young (3072K), 3 survivors (3072K)
 Metaspace       used 78401K, committed 79040K, reserved 1179648K
  class space    used 8669K, committed 8960K, reserved 1048576K
}
Event: 74.393 GC heap before
{Heap before GC invocations=32 (full 0):
 garbage-first heap   total reserved 1017856K, committed 68608K, used 57879K [0x00000000c1e00000, 0x0000000100000000)
  region size 1024K, 20 young (20480K), 3 survivors (3072K)
 Metaspace       used 79582K, committed 80256K, reserved 1179648K
  class space    used 8865K, committed 9152K, reserved 1048576K
}
Event: 74.436 GC heap after
{Heap after GC invocations=33 (full 0):
 garbage-first heap   total reserved 1017856K, committed 68608K, used 41261K [0x00000000c1e00000, 0x0000000100000000)
  region size 1024K, 3 young (3072K), 3 survivors (3072K)
 Metaspace       used 79582K, committed 80256K, reserved 1179648K
  class space    used 8865K, committed 9152K, reserved 1048576K
}
Event: 327.304 GC heap before
{Heap before GC invocations=33 (full 0):
 garbage-first heap   total reserved 1017856K, committed 68608K, used 59693K [0x00000000c1e00000, 0x0000000100000000)
  region size 1024K, 22 young (22528K), 3 survivors (3072K)
 Metaspace       used 83826K, committed 84480K, reserved 1179648K
  class space    used 9366K, committed 9664K, reserved 1048576K
}
Event: 327.852 GC heap after
{Heap after GC invocations=34 (full 0):
 garbage-first heap   total reserved 1017856K, committed 68608K, used 41870K [0x00000000c1e00000, 0x0000000100000000)
  region size 1024K, 3 young (3072K), 3 survivors (3072K)
 Metaspace       used 83826K, committed 84480K, reserved 1179648K
  class space    used 9366K, committed 9664K, reserved 1048576K
}

Dll operation events (13 events):
Event: 2.124 Loaded shared library C:\Users\durra\.jdks\openjdk-24.0.1\bin\java.dll
Event: 2.132 Loaded shared library C:\Users\durra\.jdks\openjdk-24.0.1\bin\zip.dll
Event: 14.186 Loaded shared library C:\Users\durra\.jdks\openjdk-24.0.1\bin\zip.dll
Event: 14.383 Loaded shared library C:\Users\durra\.jdks\openjdk-24.0.1\bin\instrument.dll
Event: 14.452 Loaded shared library C:\Users\durra\.jdks\openjdk-24.0.1\bin\jimage.dll
Event: 16.648 Loaded shared library C:\Users\durra\.jdks\openjdk-24.0.1\bin\net.dll
Event: 16.656 Loaded shared library C:\Users\durra\.jdks\openjdk-24.0.1\bin\nio.dll
Event: 18.721 Loaded shared library C:\Users\durra\.jdks\openjdk-24.0.1\bin\management.dll
Event: 18.815 Loaded shared library C:\Users\durra\.jdks\openjdk-24.0.1\bin\management_ext.dll
Event: 19.584 Loaded shared library C:\Users\durra\.jdks\openjdk-24.0.1\bin\extnet.dll
Event: 23.901 Loaded shared library C:\Users\durra\.jdks\openjdk-24.0.1\bin\sunmscapi.dll
Event: 31.519 Loaded shared library C:\Users\durra\.jdks\openjdk-24.0.1\bin\verify.dll
Event: 1290.739 Loaded shared library C:\Users\durra\AppData\Local\Temp\idea_libasyncProfiler_dll_temp_folder1\libasyncProfiler.dll

Deoptimization events (20 events):
Event: 238.202 Thread 0x0000029c1bd10ae0 DEOPT PACKING pc=0x0000029bc97eb344 sp=0x000000bfef1fd420
Event: 238.204 Thread 0x0000029c1bd10ae0 DEOPT UNPACKING pc=0x0000029bc93c5722 sp=0x000000bfef1fc8c0 mode 0
Event: 238.207 Thread 0x0000029c1bd10ae0 DEOPT PACKING pc=0x0000029bc9a61f1c sp=0x000000bfef1fd480
Event: 238.207 Thread 0x0000029c1bd10ae0 DEOPT UNPACKING pc=0x0000029bc93c5722 sp=0x000000bfef1fc988 mode 0
Event: 238.215 Thread 0x0000029c1bd10ae0 DEOPT PACKING pc=0x0000029bc9aa29ec sp=0x000000bfef1fd620
Event: 238.215 Thread 0x0000029c1bd10ae0 DEOPT UNPACKING pc=0x0000029bc93c5722 sp=0x000000bfef1fcb10 mode 0
Event: 674.112 Thread 0x0000029c1bd11230 DEOPT PACKING pc=0x0000029bc97eb344 sp=0x000000bfef2fd520
Event: 674.114 Thread 0x0000029c1bd11230 DEOPT UNPACKING pc=0x0000029bc93c5722 sp=0x000000bfef2fc9c0 mode 0
Event: 674.115 Thread 0x0000029c1bd11230 DEOPT PACKING pc=0x0000029bc9a61f1c sp=0x000000bfef2fd580
Event: 674.118 Thread 0x0000029c1bd11230 DEOPT UNPACKING pc=0x0000029bc93c5722 sp=0x000000bfef2fca88 mode 0
Event: 674.119 Thread 0x0000029c1bd11230 DEOPT PACKING pc=0x0000029bc9aa29ec sp=0x000000bfef2fd720
Event: 674.120 Thread 0x0000029c1bd11230 DEOPT UNPACKING pc=0x0000029bc93c5722 sp=0x000000bfef2fcc10 mode 0
Event: 1216.286 Thread 0x0000029c1bd1c1b0 DEOPT PACKING pc=0x0000029bc9d06c94 sp=0x000000bfef5fd7a0
Event: 1216.290 Thread 0x0000029c1bd1c1b0 DEOPT UNPACKING pc=0x0000029bc93c5722 sp=0x000000bfef5fcc50 mode 0
Event: 1216.290 Thread 0x0000029c1bd1c1b0 DEOPT PACKING pc=0x0000029bc97eb344 sp=0x000000bfef5fd800
Event: 1216.290 Thread 0x0000029c1bd1c1b0 DEOPT UNPACKING pc=0x0000029bc93c5722 sp=0x000000bfef5fcca0 mode 0
Event: 1216.291 Thread 0x0000029c1bd1c1b0 DEOPT PACKING pc=0x0000029bc9a61f1c sp=0x000000bfef5fd860
Event: 1216.292 Thread 0x0000029c1bd1c1b0 DEOPT UNPACKING pc=0x0000029bc93c5722 sp=0x000000bfef5fcd68 mode 0
Event: 1216.297 Thread 0x0000029c1bd1c1b0 DEOPT PACKING pc=0x0000029bc9aa29ec sp=0x000000bfef5fda00
Event: 1216.297 Thread 0x0000029c1bd1c1b0 DEOPT UNPACKING pc=0x0000029bc93c5722 sp=0x000000bfef5fcef0 mode 0

Classes loaded (20 events):
Event: 641.155 Loading class org/springframework/web/context/request/WebRequest
Event: 641.155 Loading class org/springframework/web/context/request/WebRequest done
Event: 641.284 Loading class java/util/ArrayDeque$DescendingIterator
Event: 641.295 Loading class java/util/ArrayDeque$DescendingIterator done
Event: 641.313 Loading class io/micrometer/observation/Observation$Context
Event: 641.313 Loading class io/micrometer/observation/Observation$Context done
Event: 641.313 Loading class io/micrometer/observation/Observation$Context
Event: 641.313 Loading class io/micrometer/observation/Observation$Context done
Event: 641.317 Loading class io/micrometer/observation/Observation$Context
Event: 641.317 Loading class io/micrometer/observation/Observation$Context done
Event: 641.317 Loading class io/micrometer/observation/Observation$Context
Event: 641.317 Loading class io/micrometer/observation/Observation$Context done
Event: 641.319 Loading class io/micrometer/observation/ObservationHandler
Event: 641.319 Loading class io/micrometer/observation/ObservationHandler done
Event: 641.319 Loading class io/micrometer/observation/ObservationHandler
Event: 641.319 Loading class io/micrometer/observation/ObservationHandler done
Event: 641.369 Loading class org/apache/coyote/NonPipeliningProcessor
Event: 641.369 Loading class org/apache/coyote/NonPipeliningProcessor done
Event: 1288.274 Loading class kotlinx/coroutines/debug/internal/DebugProbesImpl
Event: 1288.277 Loading class kotlinx/coroutines/debug/internal/DebugProbesImpl done

Classes unloaded (20 events):
Event: 32.151 Thread 0x0000029bbffb2830 Unloading class 0x0000029bd1001c00 'java/lang/invoke/LambdaForm$MH+0x0000029bd1001c00'
Event: 45.145 Thread 0x0000029bbffb2830 Unloading class 0x0000029bd1244000 'java/lang/invoke/LambdaForm$DMH+0x0000029bd1244000'
Event: 45.145 Thread 0x0000029bbffb2830 Unloading class 0x0000029bd110c000 'java/lang/invoke/LambdaForm$DMH+0x0000029bd110c000'
Event: 45.145 Thread 0x0000029bbffb2830 Unloading class 0x0000029bd1001400 'java/lang/invoke/LambdaForm$MH+0x0000029bd1001400'
Event: 49.432 Thread 0x0000029bbffb2830 Unloading class 0x0000029bd1432c00 'java/lang/invoke/LambdaForm$MH+0x0000029bd1432c00'
Event: 49.432 Thread 0x0000029bbffb2830 Unloading class 0x0000029bd1432400 'java/lang/invoke/LambdaForm$MH+0x0000029bd1432400'
Event: 49.432 Thread 0x0000029bbffb2830 Unloading class 0x0000029bd1430800 'java/lang/invoke/LambdaForm$MH+0x0000029bd1430800'
Event: 49.432 Thread 0x0000029bbffb2830 Unloading class 0x0000029bd140cc00 'java/lang/invoke/LambdaForm$MH+0x0000029bd140cc00'
Event: 49.432 Thread 0x0000029bbffb2830 Unloading class 0x0000029bd140c800 'java/lang/invoke/LambdaForm$MH+0x0000029bd140c800'
Event: 49.432 Thread 0x0000029bbffb2830 Unloading class 0x0000029bd140c400 'java/lang/invoke/LambdaForm$BMH+0x0000029bd140c400'
Event: 49.432 Thread 0x0000029bbffb2830 Unloading class 0x0000029bd13f0800 'java/lang/invoke/LambdaForm$MH+0x0000029bd13f0800'
Event: 49.432 Thread 0x0000029bbffb2830 Unloading class 0x0000029bd13d4c00 'java/lang/invoke/LambdaForm$MH+0x0000029bd13d4c00'
Event: 49.432 Thread 0x0000029bbffb2830 Unloading class 0x0000029bd13b2c00 'java/lang/invoke/LambdaForm$MH+0x0000029bd13b2c00'
Event: 49.432 Thread 0x0000029bbffb2830 Unloading class 0x0000029bd13b2000 'java/lang/invoke/LambdaForm$MH+0x0000029bd13b2000'
Event: 49.432 Thread 0x0000029bbffb2830 Unloading class 0x0000029bd136e000 'java/lang/invoke/LambdaForm$DMH+0x0000029bd136e000'
Event: 49.432 Thread 0x0000029bbffb2830 Unloading class 0x0000029bd136d800 'java/lang/invoke/LambdaForm$DMH+0x0000029bd136d800'
Event: 49.432 Thread 0x0000029bbffb2830 Unloading class 0x0000029bd136d000 'java/lang/invoke/LambdaForm$DMH+0x0000029bd136d000'
Event: 49.432 Thread 0x0000029bbffb2830 Unloading class 0x0000029bd136c000 'java/lang/invoke/LambdaForm$DMH+0x0000029bd136c000'
Event: 49.432 Thread 0x0000029bbffb2830 Unloading class 0x0000029bd129c000 'java/lang/invoke/LambdaForm$DMH+0x0000029bd129c000'
Event: 49.432 Thread 0x0000029bbffb2830 Unloading class 0x0000029bd1284800 'java/lang/invoke/LambdaForm$DMH+0x0000029bd1284800'

Classes redefined (1 events):
Event: 18.427 Thread 0x0000029bbffb2830 redefined class name=java.lang.Throwable, count=1

Internal exceptions (20 events):
Event: 52.724 Thread 0x0000029c16a07760 Exception <a 'java/lang/NoSuchMethodError'{0x00000000c50bce60}: 'double java.lang.invoke.DirectMethodHandle$Holder.invokeStatic(java.lang.Object, java.lang.Object)'> (0x00000000c50bce60) 
thrown [s\open\src\hotspot\share\interpreter\linkResolver.cpp, line 805]
Event: 53.004 Thread 0x0000029c11a0a940 Exception <a 'java/lang/NoSuchMethodError'{0x00000000fff9cf38}: 'long java.lang.invoke.DirectMethodHandle$Holder.invokeStatic(java.lang.Object, java.lang.Object, java.lang.Object)'> (0x00000000fff9cf38) 
thrown [s\open\src\hotspot\share\interpreter\linkResolver.cpp, line 805]
Event: 53.019 Thread 0x0000029c11a0a940 Exception <a 'java/lang/NoSuchMethodError'{0x00000000c5dc12b8}: 'long java.lang.invoke.DirectMethodHandle$Holder.invokeStatic(java.lang.Object, long, long)'> (0x00000000c5dc12b8) 
thrown [s\open\src\hotspot\share\interpreter\linkResolver.cpp, line 805]
Event: 53.202 Thread 0x0000029c16a07760 Exception <a 'java/lang/NoSuchMethodError'{0x00000000c5cbd830}: 'java.lang.Object java.lang.invoke.DelegatingMethodHandle$Holder.reinvoke_L(java.lang.Object, java.lang.Object, int, java.lang.Object, java.lang.Object)'> (0x00000000c5cbd830) 
thrown [s\open\src\hotspot\share\interpreter\linkResolver.cpp, line 805]
Event: 53.306 Thread 0x0000029c16a07760 Exception <a 'java/lang/NoSuchMethodError'{0x00000000c568ef00}: 'void java.lang.invoke.DirectMethodHandle$Holder.invokeStatic(java.lang.Object, java.lang.Object, double)'> (0x00000000c568ef00) 
thrown [s\open\src\hotspot\share\interpreter\linkResolver.cpp, line 805]
Event: 53.424 Thread 0x0000029c16a07760 Exception <a 'java/lang/NoSuchMethodError'{0x00000000c5567580}: 'double java.lang.invoke.DirectMethodHandle$Holder.invokeStatic(java.lang.Object, java.lang.Object, java.lang.Object)'> (0x00000000c5567580) 
thrown [s\open\src\hotspot\share\interpreter\linkResolver.cpp, line 805]
Event: 53.589 Thread 0x0000029c16a07760 Exception <a 'java/lang/IncompatibleClassChangeError'{0x00000000c5347ad8}: Found class java.lang.Object, but interface was expected> (0x00000000c5347ad8) 
thrown [s\open\src\hotspot\share\interpreter\linkResolver.cpp, line 872]
Event: 53.640 Thread 0x0000029c16a07760 Exception <a 'java/lang/NoSuchMethodError'{0x00000000c5213d90}: 'java.lang.Object java.lang.invoke.DirectMethodHandle$Holder.newInvokeSpecial(java.lang.Object, java.lang.Object, int, java.lang.Object, java.lang.Object)'> (0x00000000c5213d90) 
thrown [s\open\src\hotspot\share\interpreter\linkResolver.cpp, line 805]
Event: 76.560 Thread 0x0000029c1bd1ba60 Exception <a 'java/lang/NoSuchMethodError'{0x00000000fff72678}: 'java.lang.Object java.lang.invoke.DirectMethodHandle$Holder.invokeStatic(java.lang.Object, java.lang.Object, java.lang.Object, int, int)'> (0x00000000fff72678) 
thrown [s\open\src\hotspot\share\interpreter\linkResolver.cpp, line 805]
Event: 76.578 Thread 0x0000029c1bd1ba60 Exception <a 'java/lang/NoSuchMethodError'{0x00000000fff7a6e0}: 'java.lang.Object java.lang.invoke.DirectMethodHandle$Holder.invokeStaticInit(java.lang.Object, java.lang.Object, java.lang.Object, int, int)'> (0x00000000fff7a6e0) 
thrown [s\open\src\hotspot\share\interpreter\linkResolver.cpp, line 805]
Event: 77.713 Thread 0x0000029c1bd12820 Exception <a 'java/lang/NoSuchMethodError'{0x00000000c5eccac0}: 'java.lang.Object java.lang.invoke.DirectMethodHandle$Holder.invokeSpecial(java.lang.Object, java.lang.Object, java.lang.Object, java.lang.Object, java.lang.Object, long)'> (0x00000000c5eccac0) 
thrown [s\open\src\hotspot\share\interpreter\linkResolver.cpp, line 805]
Event: 77.726 Thread 0x0000029c1bd12820 Exception <a 'java/lang/NoSuchMethodError'{0x00000000c5ed5428}: 'java.lang.Object java.lang.invoke.DirectMethodHandle$Holder.invokeSpecial(java.lang.Object, java.lang.Object, java.lang.Object, java.lang.Object, java.lang.Object, java.lang.Object, long)'> (0x00000000c5ed5428) 
thrown [s\open\src\hotspot\share\interpreter\linkResolver.cpp, line 805]
Event: 77.729 Thread 0x0000029c1bd12820 Exception <a 'java/lang/NoSuchMethodError'{0x00000000c5edd7c0}: 'java.lang.Object java.lang.invoke.DelegatingMethodHandle$Holder.reinvoke_L(java.lang.Object, java.lang.Object, java.lang.Object, java.lang.Object, java.lang.Object, long)'> (0x00000000c5edd7c0) 
thrown [s\open\src\hotspot\share\interpreter\linkResolver.cpp, line 805]
Event: 77.760 Thread 0x0000029c1bd12820 Exception <a 'java/lang/NoSuchMethodError'{0x00000000c5eedcc0}: 'java.lang.Object java.lang.invoke.Invokers$Holder.linkToTargetMethod(java.lang.Object, java.lang.Object, java.lang.Object, long, java.lang.Object)'> (0x00000000c5eedcc0) 
thrown [s\open\src\hotspot\share\interpreter\linkResolver.cpp, line 805]
Event: 162.148 Thread 0x0000029c1bd12820 Exception <a 'java/lang/NoSuchMethodError'{0x00000000c59ba210}: 'java.lang.Object java.lang.invoke.DirectMethodHandle$Holder.newInvokeSpecial(java.lang.Object, java.lang.Object, java.lang.Object, long)'> (0x00000000c59ba210) 
thrown [s\open\src\hotspot\share\interpreter\linkResolver.cpp, line 805]
Event: 162.158 Thread 0x0000029c1bd12820 Exception <a 'java/lang/NoSuchMethodError'{0x00000000c59c30f8}: 'java.lang.Object java.lang.invoke.DirectMethodHandle$Holder.invokeSpecial(java.lang.Object, java.lang.Object, java.lang.Object, java.lang.Object, long)'> (0x00000000c59c30f8) 
thrown [s\open\src\hotspot\share\interpreter\linkResolver.cpp, line 805]
Event: 162.163 Thread 0x0000029c1bd12820 Exception <a 'java/lang/NoSuchMethodError'{0x00000000c59cb718}: 'java.lang.Object java.lang.invoke.Invokers$Holder.linkToTargetMethod(java.lang.Object, java.lang.Object, long, java.lang.Object)'> (0x00000000c59cb718) 
thrown [s\open\src\hotspot\share\interpreter\linkResolver.cpp, line 805]
Event: 165.689 Thread 0x0000029c1bd12820 Exception <a 'java/lang/NoSuchMethodError'{0x00000000c545add0}: 'java.lang.Object java.lang.invoke.DirectMethodHandle$Holder.invokeInterface(java.lang.Object, java.lang.Object, java.lang.Object, java.lang.Object)'> (0x00000000c545add0) 
thrown [s\open\src\hotspot\share\interpreter\linkResolver.cpp, line 805]
Event: 166.007 Thread 0x0000029c1bd12820 Exception <a 'java/lang/IncompatibleClassChangeError'{0x00000000c53182f0}: Found class java.lang.Object, but interface was expected> (0x00000000c53182f0) 
thrown [s\open\src\hotspot\share\interpreter\linkResolver.cpp, line 872]
Event: 167.224 Thread 0x0000029c1bd12820 Exception <a 'java/lang/IncompatibleClassChangeError'{0x00000000c4fa0500}: Found class java.lang.Object, but interface was expected> (0x00000000c4fa0500) 
thrown [s\open\src\hotspot\share\interpreter\linkResolver.cpp, line 872]

VM Operations (20 events):
Event: 1284.176 Executing VM operation: get/set locals
Event: 1284.177 Executing VM operation: get/set locals done
Event: 1284.208 Executing VM operation: get/set locals
Event: 1284.209 Executing VM operation: get/set locals done
Event: 1284.216 Executing VM operation: get/set locals
Event: 1284.217 Executing VM operation: get/set locals done
Event: 1284.221 Executing VM operation: get/set locals
Event: 1284.221 Executing VM operation: get/set locals done
Event: 1284.229 Executing VM operation: get/set locals
Event: 1284.229 Executing VM operation: get/set locals done
Event: 1284.236 Executing VM operation: get/set locals
Event: 1284.237 Executing VM operation: get/set locals done
Event: 1284.242 Executing VM operation: get/set locals
Event: 1284.243 Executing VM operation: get/set locals done
Event: 1284.246 Executing VM operation: get/set locals
Event: 1284.247 Executing VM operation: get/set locals done
Event: 1284.251 Executing VM operation: get/set locals
Event: 1284.252 Executing VM operation: get/set locals done
Event: 1284.254 Executing VM operation: get/set locals
Event: 1284.254 Executing VM operation: get/set locals done

Memory protections (0 events):
No events

Nmethod flushes (20 events):
Event: 49.447 Thread 0x0000029bbffb2830 flushing  nmethod 0x0000029bc9a73e88
Event: 53.081 Thread 0x0000029bbffb2830 flushing  nmethod 0x0000029bc985e108
Event: 53.082 Thread 0x0000029bbffb2830 flushing  nmethod 0x0000029bc9974488
Event: 53.082 Thread 0x0000029bbffb2830 flushing  nmethod 0x0000029bc9beff88
Event: 53.082 Thread 0x0000029bbffb2830 flushing  nmethod 0x0000029bc9bf0a08
Event: 53.082 Thread 0x0000029bbffb2830 flushing  nmethod 0x0000029bc95f6888
Event: 53.083 Thread 0x0000029bbffb2830 flushing  nmethod 0x0000029bc96a3f08
Event: 53.083 Thread 0x0000029bbffb2830 flushing  nmethod 0x0000029bc98ca208
Event: 53.084 Thread 0x0000029bbffb2830 flushing  nmethod 0x0000029bc997e888
Event: 53.084 Thread 0x0000029bbffb2830 flushing  nmethod 0x0000029bc9bd3c88
Event: 53.084 Thread 0x0000029bbffb2830 flushing  nmethod 0x0000029bc989a108
Event: 53.084 Thread 0x0000029bbffb2830 flushing  nmethod 0x0000029bc995ce88
Event: 53.084 Thread 0x0000029bbffb2830 flushing  nmethod 0x0000029bc99fec08
Event: 53.084 Thread 0x0000029bbffb2830 flushing  nmethod 0x0000029bc9a59588
Event: 53.084 Thread 0x0000029bbffb2830 flushing  nmethod 0x0000029bc9b36008
Event: 53.084 Thread 0x0000029bbffb2830 flushing  nmethod 0x0000029bc95a2088
Event: 53.084 Thread 0x0000029bbffb2830 flushing  nmethod 0x0000029bc987fd88
Event: 53.084 Thread 0x0000029bbffb2830 flushing  nmethod 0x0000029bc98e1788
Event: 53.084 Thread 0x0000029bbffb2830 flushing  nmethod 0x0000029bc9a80908
Event: 53.084 Thread 0x0000029bbffb2830 flushing  nmethod 0x0000029bc9a81708

Events (20 events):
Event: 53.152 Thread 0x0000029c16a07760 Thread added: 0x0000029c1bd15400
Event: 53.172 Thread 0x0000029c16a07760 Thread added: 0x0000029c1bd162a0
Event: 53.173 Thread 0x0000029c16a07760 Thread added: 0x0000029c1bd17140
Event: 53.173 Thread 0x0000029c1bd162a0 Thread exited: 0x0000029c1bd162a0
Event: 53.685 Thread 0x0000029c16a07760 Thread added: 0x0000029c1bd12820
Event: 53.685 Thread 0x0000029c16a07760 Thread added: 0x0000029c1bd10ae0
Event: 53.686 Thread 0x0000029c16a07760 Thread added: 0x0000029c1bd11230
Event: 53.686 Thread 0x0000029c16a07760 Thread added: 0x0000029c1bd195d0
Event: 53.686 Thread 0x0000029c16a07760 Thread added: 0x0000029c1bd17fe0
Event: 53.686 Thread 0x0000029c16a07760 Thread added: 0x0000029c1bd1c1b0
Event: 53.687 Thread 0x0000029c16a07760 Thread added: 0x0000029c1bd1abc0
Event: 53.688 Thread 0x0000029c16a07760 Thread added: 0x0000029c1bd1c900
Event: 53.688 Thread 0x0000029c16a07760 Thread added: 0x0000029c1bd1b310
Event: 53.688 Thread 0x0000029c16a07760 Thread added: 0x0000029c1bd18730
Event: 53.746 Thread 0x0000029c16a07760 Thread added: 0x0000029c1bd1d050
Event: 53.752 Thread 0x0000029c16a07760 Thread added: 0x0000029c1bd1ba60
Event: 53.873 Thread 0x0000029c16a07760 Thread exited: 0x0000029c16a07760
Event: 53.895 Thread 0x0000029c169fd590 Thread exited: 0x0000029c169fd590
Event: 53.898 Thread 0x0000029bc02f4b50 Thread exited: 0x0000029bc02f4b50
Event: 53.899 Thread 0x0000029c1bd1d7a0 Thread added: 0x0000029c1bd1d7a0


Dynamic libraries:
0x00007ff7c31d0000 - 0x00007ff7c31de000 	C:\Users\durra\.jdks\openjdk-24.0.1\bin\java.exe
0x00007ff8ede70000 - 0x00007ff8ee068000 	C:\WINDOWS\SYSTEM32\ntdll.dll
0x00007ff8ec380000 - 0x00007ff8ec442000 	C:\WINDOWS\System32\KERNEL32.DLL
0x00007ff8eb890000 - 0x00007ff8ebb86000 	C:\WINDOWS\System32\KERNELBASE.dll
0x00007ff8ebb90000 - 0x00007ff8ebc90000 	C:\WINDOWS\System32\ucrtbase.dll
0x00007ff8e7b00000 - 0x00007ff8e7b16000 	C:\Users\durra\.jdks\openjdk-24.0.1\bin\jli.dll
0x00007ff8e79d0000 - 0x00007ff8e79eb000 	C:\Users\durra\.jdks\openjdk-24.0.1\bin\VCRUNTIME140.dll
0x00007ff8ecda0000 - 0x00007ff8ecf3d000 	C:\WINDOWS\System32\USER32.dll
0x00007ff8ebc90000 - 0x00007ff8ebcb2000 	C:\WINDOWS\System32\win32u.dll
0x00007ff8eda40000 - 0x00007ff8eda6b000 	C:\WINDOWS\System32\GDI32.dll
0x00007ff8eb770000 - 0x00007ff8eb889000 	C:\WINDOWS\System32\gdi32full.dll
0x00007ff8ebd10000 - 0x00007ff8ebdad000 	C:\WINDOWS\System32\msvcp_win.dll
0x00007ff8db350000 - 0x00007ff8db5ea000 	C:\WINDOWS\WinSxS\amd64_microsoft.windows.common-controls_6595b64144ccf1df_6.0.19041.5915_none_60b4b9d171f9c7c7\COMCTL32.dll
0x00007ff8ebe90000 - 0x00007ff8ebf2e000 	C:\WINDOWS\System32\msvcrt.dll
0x00007ff8edcb0000 - 0x00007ff8edcdf000 	C:\WINDOWS\System32\IMM32.DLL
0x00007ff8e8090000 - 0x00007ff8e809c000 	C:\Users\durra\.jdks\openjdk-24.0.1\bin\vcruntime140_1.dll
0x00007ff8e6340000 - 0x00007ff8e63ce000 	C:\Users\durra\.jdks\openjdk-24.0.1\bin\msvcp140.dll
0x00007ff86c9b0000 - 0x00007ff86d752000 	C:\Users\durra\.jdks\openjdk-24.0.1\bin\server\jvm.dll
0x00007ff8ed0a0000 - 0x00007ff8ed151000 	C:\WINDOWS\System32\ADVAPI32.dll
0x00007ff8edc10000 - 0x00007ff8edcaf000 	C:\WINDOWS\System32\sechost.dll
0x00007ff8edce0000 - 0x00007ff8ede03000 	C:\WINDOWS\System32\RPCRT4.dll
0x00007ff8ebe60000 - 0x00007ff8ebe87000 	C:\WINDOWS\System32\bcrypt.dll
0x00007ff8ecf40000 - 0x00007ff8ecfab000 	C:\WINDOWS\System32\WS2_32.dll
0x00007ff8eb360000 - 0x00007ff8eb3ab000 	C:\WINDOWS\SYSTEM32\POWRPROF.dll
0x00007ff8e2410000 - 0x00007ff8e2437000 	C:\WINDOWS\SYSTEM32\WINMM.dll
0x00007ff8e0260000 - 0x00007ff8e026a000 	C:\WINDOWS\SYSTEM32\VERSION.dll
0x00007ff8eb340000 - 0x00007ff8eb352000 	C:\WINDOWS\SYSTEM32\UMPDC.dll
0x00007ff8e9d20000 - 0x00007ff8e9d32000 	C:\WINDOWS\SYSTEM32\kernel.appcore.dll
0x00007ff8e79b0000 - 0x00007ff8e79ba000 	C:\Users\durra\.jdks\openjdk-24.0.1\bin\jimage.dll
0x00007ff8e9a20000 - 0x00007ff8e9c21000 	C:\WINDOWS\SYSTEM32\DBGHELP.DLL
0x00007ff8e0cf0000 - 0x00007ff8e0d24000 	C:\WINDOWS\SYSTEM32\dbgcore.DLL
0x00007ff8eb500000 - 0x00007ff8eb582000 	C:\WINDOWS\System32\bcryptPrimitives.dll
0x00007ff8e61d0000 - 0x00007ff8e620c000 	C:\Users\durra\.jdks\openjdk-24.0.1\bin\jdwp.dll
0x00007ff8e6630000 - 0x00007ff8e663f000 	C:\Users\durra\.jdks\openjdk-24.0.1\bin\instrument.dll
0x00007ff8e7940000 - 0x00007ff8e795e000 	C:\Users\durra\.jdks\openjdk-24.0.1\bin\java.dll
0x00007ff8ed160000 - 0x00007ff8ed28b000 	C:\WINDOWS\System32\ole32.dll
0x00007ff8ec020000 - 0x00007ff8ec373000 	C:\WINDOWS\System32\combase.dll
0x00007ff8ec630000 - 0x00007ff8ecd9e000 	C:\WINDOWS\System32\SHELL32.dll
0x00007ff8bed20000 - 0x00007ff8bef18000 	C:\Users\durra\AppData\Local\Temp\idea_libasyncProfiler_dll_temp_folder1\libasyncProfiler.dll
0x00007ff8e7810000 - 0x00007ff8e7827000 	C:\Users\durra\.jdks\openjdk-24.0.1\bin\zip.dll
0x00007ff8e9270000 - 0x00007ff8e9a14000 	C:\WINDOWS\SYSTEM32\windows.storage.dll
0x00007ff8eae60000 - 0x00007ff8eae8b000 	C:\WINDOWS\SYSTEM32\Wldp.dll
0x00007ff8ec450000 - 0x00007ff8ec51d000 	C:\WINDOWS\System32\OLEAUT32.dll
0x00007ff8ed450000 - 0x00007ff8ed4fd000 	C:\WINDOWS\System32\SHCORE.dll
0x00007ff8ed980000 - 0x00007ff8ed9db000 	C:\WINDOWS\System32\shlwapi.dll
0x00007ff8eb430000 - 0x00007ff8eb455000 	C:\WINDOWS\SYSTEM32\profapi.dll
0x00007ff8e6620000 - 0x00007ff8e662c000 	C:\Users\durra\.jdks\openjdk-24.0.1\bin\dt_socket.dll
0x00007ff8ea8a0000 - 0x00007ff8ea8db000 	C:\WINDOWS\SYSTEM32\IPHLPAPI.DLL
0x00007ff8eabc0000 - 0x00007ff8eac2a000 	C:\WINDOWS\system32\mswsock.dll
0x00007ff8e79a0000 - 0x00007ff8e79b0000 	C:\Users\durra\.jdks\openjdk-24.0.1\bin\net.dll
0x00007ff8e7920000 - 0x00007ff8e7936000 	C:\Users\durra\.jdks\openjdk-24.0.1\bin\nio.dll
0x00007ff8ea8e0000 - 0x00007ff8ea9aa000 	C:\WINDOWS\SYSTEM32\DNSAPI.dll
0x00007ff8ec010000 - 0x00007ff8ec018000 	C:\WINDOWS\System32\NSI.dll
0x00007ff8dd800000 - 0x00007ff8dd80a000 	C:\Windows\System32\rasadhlp.dll
0x00007ff8ddb90000 - 0x00007ff8ddc10000 	C:\WINDOWS\System32\fwpuclnt.dll
0x00007ff8e6f80000 - 0x00007ff8e6f8a000 	C:\Users\durra\.jdks\openjdk-24.0.1\bin\management.dll
0x00007ff8e6f70000 - 0x00007ff8e6f7b000 	C:\Users\durra\.jdks\openjdk-24.0.1\bin\management_ext.dll
0x00007ff8ed500000 - 0x00007ff8ed508000 	C:\WINDOWS\System32\PSAPI.DLL
0x00007ff8eadc0000 - 0x00007ff8eadd8000 	C:\WINDOWS\SYSTEM32\CRYPTSP.dll
0x00007ff8ea4e0000 - 0x00007ff8ea518000 	C:\WINDOWS\system32\rsaenh.dll
0x00007ff8eb3f0000 - 0x00007ff8eb41e000 	C:\WINDOWS\SYSTEM32\USERENV.dll
0x00007ff8eadb0000 - 0x00007ff8eadbc000 	C:\WINDOWS\SYSTEM32\CRYPTBASE.dll
0x00007ff8d3c00000 - 0x00007ff8d3c17000 	C:\WINDOWS\system32\napinsp.dll
0x00007ff8ce530000 - 0x00007ff8ce54b000 	C:\WINDOWS\system32\pnrpnsp.dll
0x00007ff8e2e10000 - 0x00007ff8e2e2d000 	C:\WINDOWS\system32\wshbth.dll
0x00007ff8e1ce0000 - 0x00007ff8e1cfd000 	C:\WINDOWS\system32\NLAapi.dll
0x00007ff8ce4d0000 - 0x00007ff8ce4e2000 	C:\WINDOWS\System32\winrnr.dll
0x00007ff8e7870000 - 0x00007ff8e7879000 	C:\Users\durra\.jdks\openjdk-24.0.1\bin\extnet.dll
0x00007ff8e7910000 - 0x00007ff8e791e000 	C:\Users\durra\.jdks\openjdk-24.0.1\bin\sunmscapi.dll
0x00007ff8eb610000 - 0x00007ff8eb76d000 	C:\WINDOWS\System32\CRYPT32.dll
0x00007ff8eaed0000 - 0x00007ff8eaef7000 	C:\WINDOWS\SYSTEM32\ncrypt.dll
0x00007ff8eae90000 - 0x00007ff8eaecb000 	C:\WINDOWS\SYSTEM32\NTASN1.dll
0x00007ff8e6610000 - 0x00007ff8e6620000 	C:\Users\durra\.jdks\openjdk-24.0.1\bin\verify.dll
0x00007ff8e87d0000 - 0x00007ff8e87d7000 	C:\WINDOWS\system32\wshunix.dll

JVMTI agents:
jdwp path:C:\Users\durra\.jdks\openjdk-24.0.1\bin\jdwp.dll, loaded, initialized, options:transport=dt_socket,address=127.0.0.1:65424,suspend=y,server=n
C:\Users\durra\AppData\Local\JetBrains\IntelliJIdea2025.1\captureAgent\debugger-agent.jar path:C:\Users\durra\.jdks\openjdk-24.0.1\bin\instrument.dll, loaded, initialized, instrumentlib options:file:///C:/Users/durra/AppData/Local/Temp/capture5517514291684952316.props
C:\Users\durra\AppData\Local\Temp\idea_libasyncProfiler_dll_temp_folder1\libasyncProfiler.dll path:C:\Users\durra\AppData\Local\Temp\idea_libasyncProfiler_dll_temp_folder1\libasyncProfiler.dll, loaded, initialized, options:version,jfr,event=wall,interval=10ms,cstack=no,file=C:\Users\durra\IdeaSnapshots\BankApplication_2025_07_24_161719.jfr,dbghelppath=C:\Users\durra\AppData\Local\Temp\idea_dbghelp_dll_temp_folder1\dbghelp.dll,log=C:\Users\durra\AppData\Local\Temp\BankApplication_2025_07_24_161719.jfr.log.txt,logLevel=DEBUG

dbghelp: loaded successfully - version: 4.0.5 - missing functions: none
symbol engine: initialized successfully - sym options: 0x614 - pdb path: .;C:\Users\durra\.jdks\openjdk-24.0.1\bin;C:\WINDOWS\SYSTEM32;C:\WINDOWS\WinSxS\amd64_microsoft.windows.common-controls_6595b64144ccf1df_6.0.19041.5915_none_60b4b9d171f9c7c7;C:\Users\durra\.jdks\openjdk-24.0.1\bin\server;C:\Users\durra\AppData\Local\Temp\idea_libasyncProfiler_dll_temp_folder1

VM Arguments:
jvm_args: -agentlib:jdwp=transport=dt_socket,address=127.0.0.1:65424,suspend=y,server=n -javaagent:C:\Users\durra\AppData\Local\JetBrains\IntelliJIdea2025.1\captureAgent\debugger-agent.jar=file:///C:/Users/durra/AppData/Local/Temp/capture5517514291684952316.props -agentpath:C:\Users\durra\AppData\Local\Temp\idea_libasyncProfiler_dll_temp_folder1\libasyncProfiler.dll=version,jfr,event=wall,interval=10ms,cstack=no,file=C:\Users\durra\IdeaSnapshots\BankApplication_2025_07_24_161719.jfr,dbghelppath=C:\Users\durra\AppData\Local\Temp\idea_dbghelp_dll_temp_folder1\dbghelp.dll,log=C:\Users\durra\AppData\Local\Temp\BankApplication_2025_07_24_161719.jfr.log.txt,logLevel=DEBUG -XX:TieredStopAtLevel=1 -Dspring.output.ansi.enabled=always -Dcom.sun.management.jmxremote -Dspring.jmx.enabled=true -Dspring.liveBeansView.mbeanDomain -Dspring.application.admin.enabled=true -Dmanagement.endpoints.jmx.exposure.include=* -Dkotlinx.coroutines.debug.enable.creation.stack.trace=false -Ddebugger.agent.enable.coroutines=true -Dkotlinx.coroutines.debug.enable.flows.stack.trace=true -Dkotlinx.coroutines.debug.enable.mutable.state.flows.stack.trace=true -Dfile.encoding=UTF-8 -Dsun.stdout.encoding=UTF-8 -Dsun.stderr.encoding=UTF-8 
java_command: com.springboot.BankApplication.BankApplication
java_class_path (initial): C:\Users\durra\Downloads\BankApplication\BankApplication\target\classes;C:\Users\durra\.m2\repository\org\springframework\boot\spring-boot-starter-actuator\3.4.7\spring-boot-starter-actuator-3.4.7.jar;C:\Users\durra\.m2\repository\org\springframework\boot\spring-boot-starter\3.4.7\spring-boot-starter-3.4.7.jar;C:\Users\durra\.m2\repository\org\springframework\boot\spring-boot-starter-logging\3.4.7\spring-boot-starter-logging-3.4.7.jar;C:\Users\durra\.m2\repository\ch\qos\logback\logback-classic\1.5.18\logback-classic-1.5.18.jar;C:\Users\durra\.m2\repository\ch\qos\logback\logback-core\1.5.18\logback-core-1.5.18.jar;C:\Users\durra\.m2\repository\org\apache\logging\log4j\log4j-to-slf4j\2.24.3\log4j-to-slf4j-2.24.3.jar;C:\Users\durra\.m2\repository\org\apache\logging\log4j\log4j-api\2.24.3\log4j-api-2.24.3.jar;C:\Users\durra\.m2\repository\org\slf4j\jul-to-slf4j\2.0.17\jul-to-slf4j-2.0.17.jar;C:\Users\durra\.m2\repository\jakarta\annotation\jakarta.annotation-api\2.1.1\jakarta.annotation-api-2.1.1.jar;C:\Users\durra\.m2\repository\org\yaml\snakeyaml\2.3\snakeyaml-2.3.jar;C:\Users\durra\.m2\repository\org\springframework\boot\spring-boot-actuator-autoconfigure\3.4.7\spring-boot-actuator-autoconfigure-3.4.7.jar;C:\Users\durra\.m2\repository\org\springframework\boot\spring-boot-actuator\3.4.7\spring-boot-actuator-3.4.7.jar;C:\Users\durra\.m2\repository\com\fasterxml\jackson\core\jackson-databind\2.18.4\jackson-databind-2.18.4.jar;C:\Users\durra\.m2\repository\com\fasterxml\jackson\core\jackson-annotations\2.18.4\jackson-annotations-2.18.4.jar;C:\Users\durra\.m2\repository\com\fasterxml\jackson\core\jackson-core\2.18.4.1\jackson-core-2.18.4.1.jar;C:\Users\durra\.m2\repository\com\fasterxml\jackson\datatype\jackson-datatype-jsr310\2.18.4\jackson-datatype-jsr310-2.18.4.jar;C:\Users\durra\.m2\repository\io\micrometer\micrometer-observation\1.14.8\micrometer-observation-1.14.8.jar;C:\Users\durra\.m2\repository\io\micrometer\micrometer-commons\1.14.8\micrometer-commons-1.14.8.jar;C:\Users\durra\.m2\repository\io\micrometer\micrometer-jakarta9\1.14.8\micrometer-jakarta9-1.14.8.jar;C:\Users\durra\.m2\repository\io\micrometer\micrometer-core\1.14.8\micrometer-core-1.14.8.jar;C:\Users\durra\.m2\repository\org\hdrhistogram\HdrHistogram\2.2.2\HdrHistogram-2.2.2.jar;C:\Users\durra\.m2\repository\org\latencyutils\LatencyUtils\2.0.3\LatencyUtils-2.0.3.jar;C:\Users\durra\.m2\repository\org\springframework\boot\spring-boot-starter-data-jpa\3.4.7\spring-boot-starter-data-jpa-3.4.7.jar;C:\Users\durra\.m2\repository\org\springframework\boot\spring-boot-starter-jdbc\3.4.7\spring-boot-starter-jdbc-3.4.7.jar;C:\Users\durra\.m2\repository\com\zaxxer\HikariCP\5.1.0\HikariCP-5.1.0.jar;C:\Users\durra\.m2\repository\org\springframework\spring-jdbc\6.2.8\spring-jdbc-6.2.8.jar;C:\Users\durra\.m2\repository\org\hibernate\orm\hibernate-core\6.6.18.Final\hibernate-core-6.6.18.Final.jar;C:\Users\durra\.m2\repository\jakarta\persistence\jakarta.persistence-api\3.1.0\jakarta.persistence-api-3.1.0.jar;C:\Users\durra\.m2\repository\jakarta\transaction\jakarta.transaction-api\2.0.1\jakarta.transaction-api-2.0.1.jar;C:\Users\durra\.m2\repository\org\jboss\logging\jboss-logging\3.6.1.Final\jboss-logging-3.6.1.Final.jar;C:\Users\durra\.m2\repository\org\hibernate\common\hibernate-commons-annotations\7.0.3.Final\hibernate-commons-annotations-7.0.3.Final.jar;C:\Users\durra\.m2\repository\io\smallrye\jandex\3.2.0\jandex-3.2.0.jar;C:\Users\durra\.m2\repository\com\fasterxml\classmate\1.7.0\classmate-1.7.0.jar;C:\Users\durra\.m2\repository\net\bytebuddy\byte-buddy\1.15.11\byte-buddy-1.15.11.jar;C:\Users\durra\.m2\repository\org\glassfish\jaxb\jaxb-runtime\4.0.5\jaxb-runtime-4.0.5.jar;C:\Users\durra\.m2\repository\org\glassfish\jaxb\jaxb-core\4.0.5\jaxb-core-4.0.5.jar;C:\Users\durra\.m2\repository\org\eclipse\angus\angus-activation\2.0.2\angus-activation-2.0.2.jar;C:\Users\durra\.m2\repository\org\glassfish\jaxb\txw2\4.0.5\txw2-4.0.5.jar;C:\Users\durra\.m2\repository\com\sun\istack\istack-commons-runtime\4.1.2\istack-commons-runtime-4.1.2.jar;C:\Users\durra\.m2\repository\jakarta\inject\jakarta.inject-api\2.0.1\jakarta.inject-api-2.0.1.jar;C:\Users\durra\.m2\repository\org\antlr\antlr4-runtime\4.13.0\antlr4-runtime-4.13.0.jar;C:\Users\durra\.m2\repository\org\springframework\data\spring-data-jpa\3.4.7\spring-data-jpa-3.4.7.jar;C:\Users\durra\.m2\repository\org\springframework\data\spring-data-commons\3.4.7\spring-data-commons-3.4.7.jar;C:\Users\durra\.m2\repository\org\springframework\spring-orm\6.2.8\spring-orm-6.2.8.jar;C:\Users\durra\.m2\repository\org\springframework\spring-context\6.2.8\spring-context-6.2.8.jar;C:\Users\durra\.m2\repository\org\springframework\spring-aop\6.2.8\spring-aop-6.2.8.jar;C:\Users\durra\.m2\repository\org\springframework\spring-tx\6.2.8\spring-tx-6.2.8.jar;C:\Users\durra\.m2\repository\org\springframework\spring-beans\6.2.8\spring-beans-6.2.8.jar;C:\Users\durra\.m2\repository\org\slf4j\slf4j-api\2.0.17\slf4j-api-2.0.17.jar;C:\Users\durra\.m2\repository\org\springframework\spring-aspects\6.2.8\spring-aspects-6.2.8.jar;C:\Users\durra\.m2\repository\org\aspectj\aspectjweaver\1.9.24\aspectjweaver-1.9.24.jar;C:\Users\durra\.m2\repository\org\springframework\boot\spring-boot-starter-web\3.4.7\spring-boot-starter-web-3.4.7.jar;C:\Users\durra\.m2\repository\org\springframework\boot\spring-boot-starter-json\3.4.7\spring-boot-starter-json-3.4.7.jar;C:\Users\durra\.m2\repository\com\fasterxml\jackson\datatype\jackson-datatype-jdk8\2.18.4\jackson-datatype-jdk8-2.18.4.jar;C:\Users\durra\.m2\repository\com\fasterxml\jackson\module\jackson-module-parameter-names\2.18.4\jackson-module-parameter-names-2.18.4.jar;C:\Users\durra\.m2\repository\org\springframework\boot\spring-boot-starter-tomcat\3.4.7\spring-boot-starter-tomcat-3.4.7.jar;C:\Users\durra\.m2\repository\org\apache\tomcat\embed\tomcat-embed-core\10.1.42\tomcat-embed-core-10.1.42.jar;C:\Users\durra\.m2\repository\org\apache\tomcat\embed\tomcat-embed-el\10.1.42\tomcat-embed-el-10.1.42.jar;C:\Users\durra\.m2\repository\org\apache\tomcat\embed\tomcat-embed-websocket\10.1.42\tomcat-embed-websocket-10.1.42.jar;C:\Users\durra\.m2\repository\org\springframework\spring-web\6.2.8\spring-web-6.2.8.jar;C:\Users\durra\.m2\repository\org\springframework\spring-webmvc\6.2.8\spring-webmvc-6.2.8.jar;C:\Users\durra\.m2\repository\org\springframework\spring-expression\6.2.8\spring-expression-6.2.8.jar;C:\Users\durra\.m2\repository\org\springframework\boot\spring-boot-devtools\3.4.7\spring-boot-devtools-3.4.7.jar;C:\Users\durra\.m2\repository\org\springframework\boot\spring-boot\3.4.7\spring-boot-3.4.7.jar;C:\Users\durra\.m2\repository\org\springframework\boot\spring-boot-autoconfigure\3.4.7\spring-boot-autoconfigure-3.4.7.jar;C:\Users\durra\.m2\repository\com\mysql\mysql-connector-j\9.1.0\mysql-connector-j-9.1.0.jar;C:\Users\durra\.m2\repository\org\projectlombok\lombok\1.18.38\lombok-1.18.38.jar;C:\Users\durra\.m2\repository\jakarta\xml\bind\jakarta.xml.bind-api\4.0.2\jakarta.xml.bind-api-4.0.2.jar;C:\Users\durra\.m2\repository\jakarta\activation\jakarta.activation-api\2.1.3\jakarta.activation-api-2.1.3.jar;C:\Users\durra\.m2\repository\org\springframework\spring-core\6.2.8\spring-core-6.2.8.jar;C:\Users\durra\.m2\repository\org\springframework\spring-jcl\6.2.8\spring-jcl-6.2.8.jar;C:\Users\durra\.m2\repository\org\mapstruct\mapstruct\1.5.5.Final\mapstruct-1.5.5.Final.jar;C:\Users\durra\.m2\repository\org\springdoc\springdoc-openapi-starter-webmvc-ui\2.8.5\springdoc-openapi-starter-webmvc-ui-2.8.5.jar;C:\Users\durra\.m2\repository\org\springdoc\springdoc-openapi-starter-webmvc-api\2.8.5\springdoc-openapi-starter-webmvc-api-2.8.5.jar;C:\Users\durra\.m2\repository\org\springdoc\springdoc-openapi-starter-common\2.8.5\springdoc-openapi-starter-common-2.8.5.jar;C:\Users\durra\.m2\repository\io\swagger\core\v3\swagger-core-jakarta\2.2.28\swagger-core-jakarta-2.2.28.jar;C:\Users\durra\.m2\repository\org\apache\commons\commons-lang3\3.17.0\commons-lang3-3.17.0.jar;C:\Users\durra\.m2\repository\io\swagger\core\v3\swagger-annotations-jakarta\2.2.28\swagger-annotations-jakarta-2.2.28.jar;C:\Users\durra\.m2\repository\io\swagger\core\v3\swagger-models-jakarta\2.2.28\swagger-models-jakarta-2.2.28.jar;C:\Users\durra\.m2\repository\jakarta\validation\jakarta.validation-api\3.0.2\jakarta.validation-api-3.0.2.jar;C:\Users\durra\.m2\repository\com\fasterxml\jackson\dataformat\jackson-dataformat-yaml\2.18.4\jackson-dataformat-yaml-2.18.4.jar;C:\Users\durra\.m2\repository\org\webjars\swagger-ui\5.18.3\swagger-ui-5.18.3.jar;C:\Users\durra\.m2\repository\org\webjars\webjars-locator-lite\1.0.1\webjars-locator-lite-1.0.1.jar;C:\Users\durra\.m2\repository\org\jspecify\jspecify\1.0.0\jspecify-1.0.0.jar;C:\Users\durra\.m2\repository\org\springframework\boot\spring-boot-starter-cache\3.4.7\spring-boot-starter-cache-3.4.7.jar;C:\Users\durra\.m2\repository\org\springframework\spring-context-support\6.2.8\spring-context-support-6.2.8.jar;C:\Users\durra\.m2\repository\org\springframework\boot\spring-boot-starter-data-redis\3.4.7\spring-boot-starter-data-redis-3.4.7.jar;C:\Users\durra\.m2\repository\org\springframework\data\spring-data-redis\3.4.7\spring-data-redis-3.4.7.jar;C:\Users\durra\.m2\repository\org\springframework\data\spring-data-keyvalue\3.4.7\spring-data-keyvalue-3.4.7.jar;C:\Users\durra\.m2\repository\org\springframework\spring-oxm\6.2.8\spring-oxm-6.2.8.jar;C:\Users\durra\.m2\repository\io\lettuce\lettuce-core\6.4.2.RELEASE\lettuce-core-6.4.2.RELEASE.jar;C:\Users\durra\.m2\repository\io\netty\netty-common\4.1.122.Final\netty-common-4.1.122.Final.jar;C:\Users\durra\.m2\repository\io\netty\netty-handler\4.1.122.Final\netty-handler-4.1.122.Final.jar;C:\Users\durra\.m2\repository\io\netty\netty-resolver\4.1.122.Final\netty-resolver-4.1.122.Final.jar;C:\Users\durra\.m2\repository\io\netty\netty-buffer\4.1.122.Final\netty-buffer-4.1.122.Final.jar;C:\Users\durra\.m2\repository\io\netty\netty-transport-native-unix-common\4.1.122.Final\netty-transport-native-unix-common-4.1.122.Final.jar;C:\Users\durra\.m2\repository\io\netty\netty-codec\4.1.122.Final\netty-codec-4.1.122.Final.jar;C:\Users\durra\.m2\repository\io\netty\netty-transport\4.1.122.Final\netty-transport-4.1.122.Final.jar;C:\Users\durra\.m2\repository\io\projectreactor\reactor-core\3.7.7\reactor-core-3.7.7.jar;C:\Users\durra\.m2\repository\org\reactivestreams\reactive-streams\1.0.4\reactive-streams-1.0.4.jar;C:\Program Files\JetBrains\IntelliJ IDEA 2025.1.2\lib\idea_rt.jar
Launcher Type: SUN_STANDARD

[Global flags]
     intx CICompilerCount                          = 3                                         {product} {ergonomic}
     uint ConcGCThreads                            = 1                                         {product} {ergonomic}
     uint G1ConcRefinementThreads                  = 4                                         {product} {ergonomic}
   size_t G1HeapRegionSize                         = 1048576                                   {product} {ergonomic}
   size_t InitialHeapSize                          = 67108864                                  {product} {ergonomic}
     bool ManagementServer                         = true                                      {product} {command line}
   size_t MarkStackSize                            = 4194304                                   {product} {ergonomic}
   size_t MarkStackSizeMax                         = 536870912                                 {product} {ergonomic}
   size_t MaxHeapSize                              = 1042284544                                {product} {ergonomic}
   size_t MaxNewSize                               = 624951296                                 {product} {ergonomic}
   size_t MinHeapDeltaBytes                        = 1048576                                   {product} {ergonomic}
   size_t MinHeapSize                              = 8388608                                   {product} {ergonomic}
    uintx NonNMethodCodeHeapSize                   = 4096                                   {pd product} {ergonomic}
    uintx NonProfiledCodeHeapSize                  = 0                                      {pd product} {ergonomic}
     bool ProfileInterpreter                       = false                                  {pd product} {command line}
    uintx ProfiledCodeHeapSize                     = 0                                      {pd product} {ergonomic}
   size_t SoftMaxHeapSize                          = 1042284544                             {manageable} {ergonomic}
     intx TieredStopAtLevel                        = 1                                         {product} {command line}
     bool UseCompressedOops                        = true                           {product lp64_product} {ergonomic}
     bool UseG1GC                                  = true                                      {product} {ergonomic}
     bool UseLargePagesIndividualAllocation        = false                                  {pd product} {ergonomic}

Logging:
Log output configuration:
 #0: stdout all=warning uptime,level,tags foldmultilines=false
 #1: stderr all=off uptime,level,tags foldmultilines=false

Environment Variables:
PATH=C:\Program Files (x86)\Intel\Intel(R) Management Engine Components\iCLS\;C:\Program Files\Intel\Intel(R) Management Engine Components\iCLS\;C:\WINDOWS\system32;C:\WINDOWS;C:\WINDOWS\System32\Wbem;C:\WINDOWS\System32\WindowsPowerShell\v1.0\;C:\WINDOWS\System32\OpenSSH\;C:\Program Files (x86)\Intel\Intel(R) Management Engine Components\DAL;C:\Program Files\Intel\Intel(R) Management Engine Components\DAL;C:\Program Files\Git\cmd;C:\Program Files\Docker\Docker\resources\bin;C:\Users\durra\AppData\Local\Microsoft\WindowsApps;;C:\Program Files\JetBrains\IntelliJ IDEA 2025.1.2\bin;
USERNAME=durra
OS=Windows_NT
PROCESSOR_IDENTIFIER=Intel64 Family 6 Model 142 Stepping 9, GenuineIntel
TMP=C:\Users\durra\AppData\Local\Temp
TEMP=C:\Users\durra\AppData\Local\Temp




Periodic native trim disabled

---------------  S Y S T E M  ---------------

OS:
 Windows 10 , 64 bit Build 19041 (10.0.19041.5915)
OS uptime: 32 days 18:20 hours

CPU: total 4 (initial active 4) (2 cores per cpu, 2 threads per core) family 6 model 142 stepping 9 microcode 0xb4, cx8, cmov, fxsr, ht, mmx, 3dnowpref, sse, sse2, sse3, ssse3, sse4.1, sse4.2, popcnt, lzcnt, tsc, tscinvbit, avx, avx2, aes, erms, clmul, bmi1, bmi2, adx, fma, vzeroupper, clflush, clflushopt, rdtscp, f16c
Processor Information for the first 4 processors :
  Max Mhz: 2304, Current Mhz: 2304, Mhz Limit: 2304

Memory: 4k page, system-wide physical 3974M (73M free)
TotalPageFile size 16254M (AvailPageFile size 656M)
current process WorkingSet (physical memory assigned to process): 50M, peak: 226M
current process commit charge ("private bytes"): 357M, peak: 357M

vm_info: OpenJDK 64-Bit Server VM (24.0.1+9-30) for windows-amd64 JRE (24.0.1+9-30), built on 2025-03-05T07:23:45Z with MS VC++ 17.6 (VS2022)

END.
